TN:
SF:App.tsx
FNF:0
FNH:0
DA:4,0
LF:1
LH:0
BRF:0
BRH:0
end_of_record
TN:
SF:app.config.ts
FN:3,(anonymous_0)
FNF:1
FNH:0
FNDA:0,(anonymous_0)
DA:3,0
LF:1
LH:0
BRF:0
BRH:0
end_of_record
TN:
SF:.expo/types/router.d.ts
FNF:0
FNH:0
LF:0
LH:0
BRF:0
BRH:0
end_of_record
TN:
SF:app/+not-found.tsx
FN:5,NotFoundScreen
FNF:1
FNH:0
FNDA:0,NotFoundScreen
DA:6,0
DA:19,0
LF:2
LH:0
BRF:0
BRH:0
end_of_record
TN:
SF:app/_layout.tsx
FN:36,ClientSideToast
FN:43,RootLayout
FN:46,(anonymous_2)
FNF:3
FNH:0
FNDA:0,ClientSideToast
FNDA:0,RootLayout
FNDA:0,(anonymous_2)
DA:18,0
DA:20,0
DA:30,0
DA:37,0
DA:38,0
DA:40,0
DA:44,0
LF:7
LH:0
BRDA:38,0,0,0
BRDA:38,0,1,0
BRF:2
BRH:0
end_of_record
TN:
SF:app/index.tsx
FN:6,Index
FNF:1
FNH:0
FNDA:0,Index
DA:7,0
DA:8,0
DA:10,0
DA:18,0
DA:19,0
DA:23,0
DA:24,0
DA:29,0
DA:33,0
LF:9
LH:0
BRDA:18,0,0,0
BRDA:18,0,1,0
BRDA:18,1,0,0
BRDA:18,1,1,0
BRDA:18,1,2,0
BRDA:23,2,0,0
BRDA:23,2,1,0
BRF:7
BRH:0
end_of_record
TN:
SF:app/(auth)/_layout.tsx
FN:4,AuthLayout
FNF:1
FNH:0
FNDA:0,AuthLayout
DA:5,0
DA:7,0
LF:2
LH:0
BRF:0
BRH:0
end_of_record
TN:
SF:app/(auth)/onboarding.tsx
FN:99,Onboarding
FN:103,(anonymous_1)
FN:104,(anonymous_2)
FN:105,(anonymous_3)
FN:160,(anonymous_4)
FN:171,(anonymous_5)
FN:179,(anonymous_6)
FN:197,(anonymous_7)
FN:201,(anonymous_8)
FN:212,(anonymous_9)
FN:223,(anonymous_10)
FN:298,(anonymous_11)
FN:337,(anonymous_12)
FN:360,(anonymous_13)
FN:399,(anonymous_14)
FN:423,(anonymous_15)
FN:436,(anonymous_16)
FN:437,(anonymous_17)
FN:444,(anonymous_18)
FN:463,(anonymous_19)
FN:483,(anonymous_20)
FN:509,(anonymous_21)
FN:518,(anonymous_22)
FN:557,(anonymous_23)
FN:557,(anonymous_24)
FN:580,(anonymous_25)
FN:580,(anonymous_26)
FN:609,(anonymous_27)
FN:611,(anonymous_28)
FN:635,(anonymous_29)
FN:655,(anonymous_30)
FN:662,(anonymous_31)
FN:727,(anonymous_32)
FN:736,(anonymous_33)
FN:764,(anonymous_34)
FN:773,(anonymous_35)
FN:1102,(anonymous_36)
FN:1132,(anonymous_37)
FNF:38
FNH:0
FNDA:0,Onboarding
FNDA:0,(anonymous_1)
FNDA:0,(anonymous_2)
FNDA:0,(anonymous_3)
FNDA:0,(anonymous_4)
FNDA:0,(anonymous_5)
FNDA:0,(anonymous_6)
FNDA:0,(anonymous_7)
FNDA:0,(anonymous_8)
FNDA:0,(anonymous_9)
FNDA:0,(anonymous_10)
FNDA:0,(anonymous_11)
FNDA:0,(anonymous_12)
FNDA:0,(anonymous_13)
FNDA:0,(anonymous_14)
FNDA:0,(anonymous_15)
FNDA:0,(anonymous_16)
FNDA:0,(anonymous_17)
FNDA:0,(anonymous_18)
FNDA:0,(anonymous_19)
FNDA:0,(anonymous_20)
FNDA:0,(anonymous_21)
FNDA:0,(anonymous_22)
FNDA:0,(anonymous_23)
FNDA:0,(anonymous_24)
FNDA:0,(anonymous_25)
FNDA:0,(anonymous_26)
FNDA:0,(anonymous_27)
FNDA:0,(anonymous_28)
FNDA:0,(anonymous_29)
FNDA:0,(anonymous_30)
FNDA:0,(anonymous_31)
FNDA:0,(anonymous_32)
FNDA:0,(anonymous_33)
FNDA:0,(anonymous_34)
FNDA:0,(anonymous_35)
FNDA:0,(anonymous_36)
FNDA:0,(anonymous_37)
DA:38,0
DA:97,0
DA:100,0
DA:101,0
DA:102,0
DA:103,0
DA:104,0
DA:105,0
DA:106,0
DA:107,0
DA:108,0
DA:109,0
DA:110,0
DA:149,0
DA:151,0
DA:154,0
DA:157,0
DA:160,0
DA:161,0
DA:162,0
DA:163,0
DA:166,0
DA:167,0
DA:171,0
DA:172,0
DA:173,0
DA:175,0
DA:176,0
DA:177,0
DA:179,0
DA:186,0
DA:194,0
DA:197,0
DA:198,0
DA:201,0
DA:202,0
DA:209,0
DA:212,0
DA:213,0
DA:220,0
DA:223,0
DA:224,0
DA:225,0
DA:230,0
DA:231,0
DA:234,0
DA:235,0
DA:237,0
DA:239,0
DA:240,0
DA:241,0
DA:242,0
DA:243,0
DA:244,0
DA:246,0
DA:247,0
DA:249,0
DA:250,0
DA:252,0
DA:257,0
DA:272,0
DA:275,0
DA:278,0
DA:281,0
DA:284,0
DA:287,0
DA:288,0
DA:294,0
DA:298,0
DA:299,0
DA:300,0
DA:301,0
DA:302,0
DA:307,0
DA:310,0
DA:317,0
DA:318,0
DA:320,0
DA:321,0
DA:322,0
DA:324,0
DA:325,0
DA:327,0
DA:328,0
DA:330,0
DA:331,0
DA:336,0
DA:337,0
DA:339,0
DA:340,0
DA:348,0
DA:349,0
DA:355,0
DA:356,0
DA:360,0
DA:361,0
DA:362,0
DA:363,0
DA:364,0
DA:369,0
DA:372,0
DA:379,0
DA:380,0
DA:382,0
DA:383,0
DA:384,0
DA:386,0
DA:387,0
DA:389,0
DA:390,0
DA:392,0
DA:393,0
DA:398,0
DA:399,0
DA:401,0
DA:402,0
DA:410,0
DA:411,0
DA:417,0
DA:418,0
DA:423,0
DA:424,0
DA:425,0
DA:426,0
DA:428,0
DA:429,0
DA:432,0
DA:436,0
DA:437,0
DA:444,0
DA:445,0
DA:446,0
DA:447,0
DA:448,0
DA:450,0
DA:451,0
DA:454,0
DA:457,0
DA:458,0
DA:460,0
DA:461,0
DA:463,0
DA:464,0
DA:483,0
DA:484,0
DA:509,0
DA:510,0
DA:512,0
DA:518,0
DA:557,0
DA:580,0
DA:586,0
DA:587,0
DA:588,0
DA:590,0
DA:610,0
DA:611,0
DA:621,0
DA:635,0
DA:641,0
DA:655,0
DA:662,0
DA:663,0
DA:666,0
DA:667,0
DA:672,0
DA:676,0
DA:677,0
DA:682,0
DA:686,0
DA:687,0
DA:692,0
DA:696,0
DA:697,0
DA:702,0
DA:706,0
DA:707,0
DA:712,0
DA:715,0
DA:720,0
DA:723,0
DA:727,0
DA:728,0
DA:730,0
DA:731,0
DA:732,0
DA:736,0
DA:742,0
DA:745,0
DA:748,0
DA:749,0
DA:751,0
DA:754,0
DA:755,0
DA:764,0
DA:765,0
DA:766,0
DA:767,0
DA:769,0
DA:770,0
DA:771,0
DA:772,0
DA:773,0
DA:775,0
DA:780,0
DA:783,0
DA:784,0
DA:788,0
DA:790,0
DA:798,0
DA:800,0
DA:801,0
DA:807,0
DA:811,0
DA:1069,0
DA:1102,0
DA:1132,0
LF:217
LH:0
BRDA:161,0,0,0
BRDA:161,0,1,0
BRDA:166,1,0,0
BRDA:166,1,1,0
BRDA:173,2,0,0
BRDA:173,2,1,0
BRDA:177,3,0,0
BRDA:177,3,1,0
BRDA:182,4,0,0
BRDA:182,4,1,0
BRDA:224,5,0,0
BRDA:224,5,1,0
BRDA:240,6,0,0
BRDA:240,6,1,0
BRDA:240,7,0,0
BRDA:240,7,1,0
BRDA:301,8,0,0
BRDA:301,8,1,0
BRDA:317,9,0,0
BRDA:317,9,1,0
BRDA:317,10,0,0
BRDA:317,10,1,0
BRDA:330,11,0,0
BRDA:330,11,1,0
BRDA:363,12,0,0
BRDA:363,12,1,0
BRDA:379,13,0,0
BRDA:379,13,1,0
BRDA:379,14,0,0
BRDA:379,14,1,0
BRDA:392,15,0,0
BRDA:392,15,1,0
BRDA:428,16,0,0
BRDA:428,16,1,0
BRDA:428,17,0,0
BRDA:428,17,1,0
BRDA:428,17,2,0
BRDA:450,18,0,0
BRDA:450,18,1,0
BRDA:450,19,0,0
BRDA:450,19,1,0
BRDA:450,19,2,0
BRDA:510,20,0,0
BRDA:510,20,1,0
BRDA:510,20,2,0
BRDA:510,20,3,0
BRDA:521,21,0,0
BRDA:521,21,1,0
BRDA:663,22,0,0
BRDA:663,22,1,0
BRDA:663,22,2,0
BRDA:663,22,3,0
BRDA:663,22,4,0
BRDA:666,23,0,0
BRDA:666,23,1,0
BRDA:676,24,0,0
BRDA:676,24,1,0
BRDA:686,25,0,0
BRDA:686,25,1,0
BRDA:696,26,0,0
BRDA:696,26,1,0
BRDA:706,27,0,0
BRDA:706,27,1,0
BRDA:728,28,0,0
BRDA:728,28,1,0
BRDA:731,29,0,0
BRDA:731,29,1,0
BRDA:748,30,0,0
BRDA:748,30,1,0
BRDA:767,31,0,0
BRDA:767,31,1,0
BRDA:769,32,0,0
BRDA:769,32,1,0
BRDA:783,33,0,0
BRDA:783,33,1,0
BRDA:1072,34,0,0
BRDA:1072,34,1,0
BRDA:1099,35,0,0
BRDA:1099,35,1,0
BRDA:1112,36,0,0
BRDA:1112,36,1,0
BRDA:1112,36,2,0
BRDA:1112,36,3,0
BRDA:1115,37,0,0
BRDA:1115,37,1,0
BRDA:1115,37,2,0
BRDA:1115,37,3,0
BRDA:1117,38,0,0
BRDA:1117,38,1,0
BRDA:1121,39,0,0
BRDA:1121,39,1,0
BRDA:1127,40,0,0
BRDA:1127,40,1,0
BRF:93
BRH:0
end_of_record
TN:
SF:app/(auth)/register.tsx
FN:37,Register
FN:52,(anonymous_1)
FN:71,(anonymous_2)
FN:158,(anonymous_3)
FN:328,(anonymous_4)
FN:374,(anonymous_5)
FNF:6
FNH:0
FNDA:0,Register
FNDA:0,(anonymous_1)
FNDA:0,(anonymous_2)
FNDA:0,(anonymous_3)
FNDA:0,(anonymous_4)
FNDA:0,(anonymous_5)
DA:35,0
DA:38,0
DA:39,0
DA:40,0
DA:41,0
DA:42,0
DA:43,0
DA:44,0
DA:50,0
DA:52,0
DA:53,0
DA:54,0
DA:55,0
DA:62,0
DA:71,0
DA:72,0
DA:73,0
DA:78,0
DA:82,0
DA:83,0
DA:88,0
DA:92,0
DA:93,0
DA:94,0
DA:99,0
DA:102,0
DA:103,0
DA:105,0
DA:106,0
DA:107,0
DA:112,0
DA:113,0
DA:117,0
DA:118,0
DA:121,0
DA:126,0
DA:133,0
DA:135,0
DA:136,0
DA:141,0
DA:142,0
DA:144,0
DA:147,0
DA:152,0
DA:154,0
DA:158,0
DA:159,0
DA:166,0
DA:279,0
DA:329,0
DA:374,0
LF:51
LH:0
BRDA:53,0,0,0
BRDA:53,0,1,0
BRDA:72,1,0,0
BRDA:72,1,1,0
BRDA:72,2,0,0
BRDA:72,2,1,0
BRDA:82,3,0,0
BRDA:82,3,1,0
BRDA:93,4,0,0
BRDA:93,4,1,0
BRDA:106,5,0,0
BRDA:106,5,1,0
BRDA:135,6,0,0
BRDA:135,6,1,0
BRDA:150,7,0,0
BRDA:150,7,1,0
BRDA:283,8,0,0
BRDA:283,8,1,0
BRDA:288,9,0,0
BRDA:288,9,1,0
BRDA:310,10,0,0
BRDA:310,10,1,0
BRDA:326,11,0,0
BRDA:326,11,1,0
BRDA:341,12,0,0
BRDA:341,12,1,0
BRDA:344,13,0,0
BRDA:344,13,1,0
BRDA:346,14,0,0
BRDA:346,14,1,0
BRF:30
BRH:0
end_of_record
TN:
SF:app/(auth)/sign-in.tsx
FN:37,SignIn
FN:53,(anonymous_1)
FN:55,(anonymous_2)
FN:64,(anonymous_3)
FN:66,(anonymous_4)
FN:69,(anonymous_5)
FN:71,(anonymous_6)
FN:74,(anonymous_7)
FN:100,(anonymous_8)
FN:105,(anonymous_9)
FN:123,(anonymous_10)
FN:125,(anonymous_11)
FN:127,(anonymous_12)
FN:129,(anonymous_13)
FN:135,(anonymous_14)
FN:143,(anonymous_15)
FN:404,(anonymous_16)
FN:441,(anonymous_17)
FN:450,(anonymous_18)
FN:472,(anonymous_19)
FNF:20
FNH:0
FNDA:0,SignIn
FNDA:0,(anonymous_1)
FNDA:0,(anonymous_2)
FNDA:0,(anonymous_3)
FNDA:0,(anonymous_4)
FNDA:0,(anonymous_5)
FNDA:0,(anonymous_6)
FNDA:0,(anonymous_7)
FNDA:0,(anonymous_8)
FNDA:0,(anonymous_9)
FNDA:0,(anonymous_10)
FNDA:0,(anonymous_11)
FNDA:0,(anonymous_12)
FNDA:0,(anonymous_13)
FNDA:0,(anonymous_14)
FNDA:0,(anonymous_15)
FNDA:0,(anonymous_16)
FNDA:0,(anonymous_17)
FNDA:0,(anonymous_18)
FNDA:0,(anonymous_19)
DA:30,0
DA:38,0
DA:39,0
DA:40,0
DA:41,0
DA:42,0
DA:43,0
DA:44,0
DA:45,0
DA:46,0
DA:47,0
DA:53,0
DA:55,0
DA:56,0
DA:57,0
DA:58,0
DA:64,0
DA:65,0
DA:66,0
DA:69,0
DA:70,0
DA:71,0
DA:74,0
DA:75,0
DA:76,0
DA:79,0
DA:80,0
DA:81,0
DA:82,0
DA:83,0
DA:84,0
DA:88,0
DA:89,0
DA:90,0
DA:91,0
DA:92,0
DA:93,0
DA:96,0
DA:97,0
DA:100,0
DA:101,0
DA:103,0
DA:104,0
DA:105,0
DA:109,0
DA:112,0
DA:113,0
DA:115,0
DA:116,0
DA:118,0
DA:122,0
DA:123,0
DA:124,0
DA:125,0
DA:126,0
DA:127,0
DA:129,0
DA:131,0
DA:135,0
DA:136,0
DA:143,0
DA:144,0
DA:145,0
DA:149,0
DA:152,0
DA:153,0
DA:154,0
DA:159,0
DA:161,0
DA:169,0
DA:351,0
DA:404,0
DA:441,0
DA:450,0
DA:472,0
LF:75
LH:0
BRDA:56,0,0,0
BRDA:56,0,1,0
BRDA:79,1,0,0
BRDA:79,1,1,0
BRDA:82,2,0,0
BRDA:82,2,1,0
BRDA:88,3,0,0
BRDA:88,3,1,0
BRDA:91,4,0,0
BRDA:91,4,1,0
BRDA:101,5,0,0
BRDA:101,5,1,0
BRDA:104,6,0,0
BRDA:104,6,1,0
BRDA:115,7,0,0
BRDA:115,7,1,0
BRDA:122,8,0,0
BRDA:122,8,1,0
BRDA:124,9,0,0
BRDA:124,9,1,0
BRDA:126,10,0,0
BRDA:126,10,1,0
BRDA:129,11,0,0
BRDA:129,11,1,0
BRDA:144,12,0,0
BRDA:144,12,1,0
BRDA:355,13,0,0
BRDA:355,13,1,0
BRDA:360,14,0,0
BRDA:360,14,1,0
BRDA:368,15,0,0
BRDA:368,15,1,0
BRDA:378,16,0,0
BRDA:378,16,1,0
BRDA:387,17,0,0
BRDA:387,17,1,0
BRDA:396,18,0,0
BRDA:396,18,1,0
BRDA:406,19,0,0
BRDA:406,19,1,0
BRDA:414,20,0,0
BRDA:414,20,1,0
BRDA:419,21,0,0
BRDA:419,21,1,0
BRDA:456,22,0,0
BRDA:456,22,1,0
BRF:46
BRH:0
end_of_record
TN:
SF:app/(categoryPages)/_layout.tsx
FN:4,CategoryPagesLayout
FNF:1
FNH:0
FNDA:0,CategoryPagesLayout
DA:5,0
DA:7,0
LF:2
LH:0
BRF:0
BRH:0
end_of_record
TN:
SF:app/(categoryPages)/career.tsx
FN:5,Career
FNF:1
FNH:0
FNDA:0,Career
DA:6,0
DA:7,0
DA:9,0
DA:11,0
DA:38,0
LF:5
LH:0
BRDA:9,0,0,0
BRDA:9,0,1,0
BRF:2
BRH:0
end_of_record
TN:
SF:app/(categoryPages)/financial.tsx
FN:5,Financial
FNF:1
FNH:0
FNDA:0,Financial
DA:6,0
DA:7,0
DA:9,0
DA:11,0
DA:38,0
LF:5
LH:0
BRDA:9,0,0,0
BRDA:9,0,1,0
BRF:2
BRH:0
end_of_record
TN:
SF:app/(categoryPages)/intellectual.tsx
FN:5,Intellectual
FNF:1
FNH:0
FNDA:0,Intellectual
DA:6,0
DA:7,0
DA:9,0
DA:11,0
DA:38,0
LF:5
LH:0
BRDA:9,0,0,0
BRDA:9,0,1,0
BRF:2
BRH:0
end_of_record
TN:
SF:app/(categoryPages)/mental.tsx
FN:5,Mental
FNF:1
FNH:0
FNDA:0,Mental
DA:6,0
DA:7,0
DA:9,0
DA:11,0
DA:38,0
LF:5
LH:0
BRDA:9,0,0,0
BRDA:9,0,1,0
BRF:2
BRH:0
end_of_record
TN:
SF:app/(categoryPages)/physical.tsx
FN:17,Physical
FNF:1
FNH:0
FNDA:0,Physical
DA:18,0
DA:19,0
DA:21,0
DA:23,0
DA:50,0
DA:63,0
LF:6
LH:0
BRDA:21,0,0,0
BRDA:21,0,1,0
BRF:2
BRH:0
end_of_record
TN:
SF:app/(categoryPages)/relationships.tsx
FN:5,Relationships
FNF:1
FNH:0
FNDA:0,Relationships
DA:6,0
DA:7,0
DA:9,0
DA:11,0
DA:38,0
LF:5
LH:0
BRDA:9,0,0,0
BRDA:9,0,1,0
BRF:2
BRH:0
end_of_record
TN:
SF:app/(categoryPages)/spiritual.tsx
FN:5,Spiritual
FNF:1
FNH:0
FNDA:0,Spiritual
DA:6,0
DA:7,0
DA:9,0
DA:11,0
DA:38,0
LF:5
LH:0
BRDA:9,0,0,0
BRDA:9,0,1,0
BRF:2
BRH:0
end_of_record
TN:
SF:app/(modals)/_layout.tsx
FN:7,ModalsLayout
FN:11,(anonymous_1)
FNF:2
FNH:0
FNDA:0,ModalsLayout
FNDA:0,(anonymous_1)
DA:8,0
DA:9,0
DA:11,0
DA:15,0
LF:4
LH:0
BRF:0
BRH:0
end_of_record
TN:
SF:app/(modals)/challenge-list.tsx
FN:15,ChallengeListModal
FN:24,(anonymous_1)
FN:31,(anonymous_2)
FN:35,(anonymous_3)
FN:59,(anonymous_4)
FN:61,(anonymous_5)
FN:82,(anonymous_6)
FN:99,(anonymous_7)
FN:102,(anonymous_8)
FN:107,(anonymous_9)
FN:121,(anonymous_10)
FNF:11
FNH:0
FNDA:0,ChallengeListModal
FNDA:0,(anonymous_1)
FNDA:0,(anonymous_2)
FNDA:0,(anonymous_3)
FNDA:0,(anonymous_4)
FNDA:0,(anonymous_5)
FNDA:0,(anonymous_6)
FNDA:0,(anonymous_7)
FNDA:0,(anonymous_8)
FNDA:0,(anonymous_9)
FNDA:0,(anonymous_10)
DA:16,0
DA:17,0
DA:18,0
DA:19,0
DA:22,0
DA:25,0
DA:26,0
DA:31,0
DA:32,0
DA:35,0
DA:36,0
DA:37,0
DA:38,0
DA:40,0
DA:42,0
DA:46,0
DA:48,0
DA:60,0
DA:61,0
DA:101,0
DA:102,0
DA:106,0
DA:107,0
DA:117,0
DA:121,0
DA:136,0
LF:26
LH:0
BRDA:22,0,0,0
BRDA:25,1,0,0
BRDA:25,1,1,0
BRDA:46,2,0,0
BRDA:46,2,1,0
BRDA:92,3,0,0
BRDA:92,3,1,0
BRDA:106,4,0,0
BRDA:106,4,1,0
BRDA:121,5,0,0
BRDA:121,5,1,0
BRF:11
BRH:0
end_of_record
TN:
SF:app/(modals)/challenge.tsx
FN:25,ChallengeModal
FN:35,(anonymous_1)
FN:43,(anonymous_2)
FN:49,(anonymous_3)
FN:51,(anonymous_4)
FN:61,(anonymous_5)
FN:65,(anonymous_6)
FN:71,(anonymous_7)
FN:88,(anonymous_8)
FN:115,(anonymous_9)
FN:144,(anonymous_10)
FN:164,(anonymous_11)
FN:198,(anonymous_12)
FN:200,(anonymous_13)
FN:242,(anonymous_14)
FN:262,(anonymous_15)
FN:279,(anonymous_16)
FN:311,(anonymous_17)
FNF:18
FNH:0
FNDA:0,ChallengeModal
FNDA:0,(anonymous_1)
FNDA:0,(anonymous_2)
FNDA:0,(anonymous_3)
FNDA:0,(anonymous_4)
FNDA:0,(anonymous_5)
FNDA:0,(anonymous_6)
FNDA:0,(anonymous_7)
FNDA:0,(anonymous_8)
FNDA:0,(anonymous_9)
FNDA:0,(anonymous_10)
FNDA:0,(anonymous_11)
FNDA:0,(anonymous_12)
FNDA:0,(anonymous_13)
FNDA:0,(anonymous_14)
FNDA:0,(anonymous_15)
FNDA:0,(anonymous_16)
FNDA:0,(anonymous_17)
DA:26,0
DA:27,0
DA:28,0
DA:29,0
DA:30,0
DA:31,0
DA:32,0
DA:33,0
DA:36,0
DA:37,0
DA:41,0
DA:43,0
DA:44,0
DA:45,0
DA:49,0
DA:50,0
DA:51,0
DA:52,0
DA:53,0
DA:61,0
DA:62,0
DA:65,0
DA:66,0
DA:67,0
DA:68,0
DA:70,0
DA:71,0
DA:72,0
DA:73,0
DA:78,0
DA:79,0
DA:82,0
DA:84,0
DA:88,0
DA:89,0
DA:90,0
DA:91,0
DA:94,0
DA:95,0
DA:96,0
DA:97,0
DA:99,0
DA:104,0
DA:106,0
DA:107,0
DA:115,0
DA:116,0
DA:117,0
DA:118,0
DA:121,0
DA:122,0
DA:123,0
DA:124,0
DA:126,0
DA:133,0
DA:135,0
DA:136,0
DA:144,0
DA:145,0
DA:146,0
DA:147,0
DA:148,0
DA:153,0
DA:155,0
DA:156,0
DA:164,0
DA:165,0
DA:166,0
DA:167,0
DA:168,0
DA:173,0
DA:175,0
DA:176,0
DA:184,0
DA:185,0
DA:187,0
DA:199,0
DA:200,0
DA:243,0
DA:263,0
DA:280,0
DA:311,0
DA:332,0
LF:83
LH:0
BRDA:33,0,0,0
BRDA:36,1,0,0
BRDA:36,1,1,0
BRDA:44,2,0,0
BRDA:44,2,1,0
BRDA:44,3,0,0
BRDA:44,3,1,0
BRDA:50,4,0,0
BRDA:50,4,1,0
BRDA:50,5,0,0
BRDA:50,5,1,0
BRDA:70,6,0,0
BRDA:70,6,1,0
BRDA:89,7,0,0
BRDA:89,7,1,0
BRDA:89,8,0,0
BRDA:89,8,1,0
BRDA:116,9,0,0
BRDA:116,9,1,0
BRDA:116,10,0,0
BRDA:116,10,1,0
BRDA:145,11,0,0
BRDA:145,11,1,0
BRDA:145,12,0,0
BRDA:145,12,1,0
BRDA:165,13,0,0
BRDA:165,13,1,0
BRDA:165,14,0,0
BRDA:165,14,1,0
BRDA:184,15,0,0
BRDA:184,15,1,0
BRDA:185,16,0,0
BRDA:185,16,1,0
BRDA:192,17,0,0
BRDA:192,17,1,0
BRDA:240,18,0,0
BRDA:240,18,1,0
BRDA:240,18,2,0
BRDA:280,19,0,0
BRDA:280,19,1,0
BRDA:300,20,0,0
BRDA:300,20,1,0
BRDA:311,21,0,0
BRDA:311,21,1,0
BRDA:442,22,0,0
BRDA:442,22,1,0
BRDA:454,23,0,0
BRDA:454,23,1,0
BRDA:458,24,0,0
BRDA:458,24,1,0
BRF:50
BRH:0
end_of_record
TN:
SF:app/(modals)/create-post.tsx
FN:5,CreatePostModal
FNF:1
FNH:0
FNDA:0,CreatePostModal
DA:6,0
DA:8,0
DA:26,0
LF:3
LH:0
BRF:0
BRH:0
end_of_record
TN:
SF:app/(modals)/friends.tsx
FN:10,FriendsModal
FNF:1
FNH:0
FNDA:0,FriendsModal
DA:11,0
DA:12,0
DA:13,0
DA:15,0
DA:40,0
LF:5
LH:0
BRDA:29,0,0,0
BRDA:29,0,1,0
BRDA:31,1,0,0
BRDA:31,1,1,0
BRDA:34,2,0,0
BRDA:34,2,1,0
BRF:6
BRH:0
end_of_record
TN:
SF:app/(modals)/goals.tsx
FN:16,GoalsPage
FN:33,(anonymous_1)
FN:39,(anonymous_2)
FN:45,(anonymous_3)
FN:51,(anonymous_4)
FN:57,(anonymous_5)
FN:63,(anonymous_6)
FN:86,(anonymous_7)
FN:88,(anonymous_8)
FN:101,(anonymous_9)
FN:113,(anonymous_10)
FN:113,(anonymous_11)
FN:117,(anonymous_12)
FN:129,(anonymous_13)
FN:129,(anonymous_14)
FN:133,(anonymous_15)
FNF:16
FNH:0
FNDA:0,GoalsPage
FNDA:0,(anonymous_1)
FNDA:0,(anonymous_2)
FNDA:0,(anonymous_3)
FNDA:0,(anonymous_4)
FNDA:0,(anonymous_5)
FNDA:0,(anonymous_6)
FNDA:0,(anonymous_7)
FNDA:0,(anonymous_8)
FNDA:0,(anonymous_9)
FNDA:0,(anonymous_10)
FNDA:0,(anonymous_11)
FNDA:0,(anonymous_12)
FNDA:0,(anonymous_13)
FNDA:0,(anonymous_14)
FNDA:0,(anonymous_15)
DA:17,0
DA:18,0
DA:19,0
DA:20,0
DA:26,0
DA:27,0
DA:28,0
DA:31,0
DA:33,0
DA:37,0
DA:39,0
DA:43,0
DA:45,0
DA:49,0
DA:51,0
DA:52,0
DA:53,0
DA:54,0
DA:57,0
DA:58,0
DA:59,0
DA:60,0
DA:63,0
DA:64,0
DA:65,0
DA:68,0
DA:69,0
DA:72,0
DA:87,0
DA:88,0
DA:102,0
DA:103,0
DA:104,0
DA:113,0
DA:118,0
DA:119,0
DA:120,0
DA:129,0
DA:134,0
DA:135,0
DA:136,0
DA:151,0
LF:42
LH:0
BRDA:33,0,0,0
BRDA:33,0,1,0
BRDA:39,1,0,0
BRDA:39,1,1,0
BRDA:45,2,0,0
BRDA:45,2,1,0
BRDA:49,3,0,0
BRDA:49,3,1,0
BRDA:49,3,2,0
BRDA:68,4,0,0
BRDA:68,4,1,0
BRDA:99,5,0,0
BRDA:99,5,1,0
BRDA:110,6,0,0
BRDA:110,6,1,0
BRDA:126,7,0,0
BRDA:126,7,1,0
BRF:17
BRH:0
end_of_record
TN:
SF:app/(modals)/journal-history.tsx
FN:26,JournalHistory
FN:36,(anonymous_1)
FN:46,(anonymous_2)
FN:58,(anonymous_3)
FN:59,(anonymous_4)
FN:64,(anonymous_5)
FN:71,(anonymous_6)
FN:72,(anonymous_7)
FN:93,(anonymous_8)
FN:140,(anonymous_9)
FN:161,(anonymous_10)
FN:180,(anonymous_11)
FN:182,(anonymous_12)
FN:194,(anonymous_13)
FN:206,(anonymous_14)
FN:242,(anonymous_15)
FN:260,(anonymous_16)
FN:270,(anonymous_17)
FN:285,(anonymous_18)
FN:287,(anonymous_19)
FNF:20
FNH:0
FNDA:0,JournalHistory
FNDA:0,(anonymous_1)
FNDA:0,(anonymous_2)
FNDA:0,(anonymous_3)
FNDA:0,(anonymous_4)
FNDA:0,(anonymous_5)
FNDA:0,(anonymous_6)
FNDA:0,(anonymous_7)
FNDA:0,(anonymous_8)
FNDA:0,(anonymous_9)
FNDA:0,(anonymous_10)
FNDA:0,(anonymous_11)
FNDA:0,(anonymous_12)
FNDA:0,(anonymous_13)
FNDA:0,(anonymous_14)
FNDA:0,(anonymous_15)
FNDA:0,(anonymous_16)
FNDA:0,(anonymous_17)
FNDA:0,(anonymous_18)
FNDA:0,(anonymous_19)
DA:21,0
DA:27,0
DA:28,0
DA:29,0
DA:30,0
DA:31,0
DA:32,0
DA:33,0
DA:36,0
DA:37,0
DA:44,0
DA:47,0
DA:48,0
DA:49,0
DA:58,0
DA:59,0
DA:60,0
DA:64,0
DA:65,0
DA:71,0
DA:73,0
DA:75,0
DA:76,0
DA:77,0
DA:94,0
DA:107,0
DA:113,0
DA:140,0
DA:141,0
DA:142,0
DA:143,0
DA:146,0
DA:147,0
DA:148,0
DA:149,0
DA:151,0
DA:153,0
DA:154,0
DA:156,0
DA:161,0
DA:162,0
DA:163,0
DA:166,0
DA:181,0
DA:182,0
DA:195,0
DA:196,0
DA:207,0
DA:208,0
DA:242,0
DA:260,0
DA:270,0
DA:285,0
DA:288,0
DA:300,0
LF:55
LH:0
BRDA:47,0,0,0
BRDA:47,0,1,0
BRDA:60,1,0,0
BRDA:60,1,1,0
BRDA:71,2,0,0
BRDA:71,2,1,0
BRDA:75,3,0,0
BRDA:75,3,1,0
BRDA:107,4,0,0
BRDA:107,4,1,0
BRDA:109,5,0,0
BRDA:109,5,1,0
BRDA:141,6,0,0
BRDA:141,6,1,0
BRDA:146,7,0,0
BRDA:146,7,1,0
BRDA:147,8,0,0
BRDA:147,8,1,0
BRDA:148,9,0,0
BRDA:148,9,1,0
BRDA:153,10,0,0
BRDA:153,10,1,0
BRDA:218,11,0,0
BRDA:218,11,1,0
BRDA:218,11,2,0
BRDA:218,11,3,0
BRDA:222,12,0,0
BRDA:222,12,1,0
BRDA:239,13,0,0
BRDA:239,13,1,0
BRDA:244,14,0,0
BRDA:244,14,1,0
BRDA:253,15,0,0
BRDA:253,15,1,0
BRDA:255,16,0,0
BRDA:255,16,1,0
BRDA:265,17,0,0
BRDA:265,17,1,0
BRDA:279,18,0,0
BRDA:279,18,1,0
BRF:40
BRH:0
end_of_record
TN:
SF:app/(modals)/journal.tsx
FN:12,JournalPage
FN:20,(anonymous_1)
FN:24,(anonymous_2)
FN:49,(anonymous_3)
FN:51,(anonymous_4)
FN:63,(anonymous_5)
FN:77,(anonymous_6)
FNF:7
FNH:0
FNDA:0,JournalPage
FNDA:0,(anonymous_1)
FNDA:0,(anonymous_2)
FNDA:0,(anonymous_3)
FNDA:0,(anonymous_4)
FNDA:0,(anonymous_5)
FNDA:0,(anonymous_6)
DA:13,0
DA:14,0
DA:15,0
DA:16,0
DA:20,0
DA:21,0
DA:24,0
DA:25,0
DA:27,0
DA:29,0
DA:31,0
DA:35,0
DA:50,0
DA:51,0
DA:63,0
DA:77,0
DA:96,0
LF:17
LH:0
BRDA:17,0,0,0
BRDA:17,0,1,0
BRDA:25,1,0,0
BRDA:25,1,1,0
BRDA:25,1,2,0
BRDA:39,2,0,0
BRDA:39,2,1,0
BRDA:62,3,0,0
BRDA:62,3,1,0
BRDA:66,4,0,0
BRDA:66,4,1,0
BRDA:69,5,0,0
BRDA:69,5,1,0
BRDA:71,6,0,0
BRDA:71,6,1,0
BRDA:76,7,0,0
BRDA:76,7,1,0
BRDA:80,8,0,0
BRDA:80,8,1,0
BRDA:83,9,0,0
BRDA:83,9,1,0
BRDA:85,10,0,0
BRDA:85,10,1,0
BRF:23
BRH:0
end_of_record
TN:
SF:app/(modals)/notifications.tsx
FN:11,NotificationsModal
FN:16,(anonymous_1)
FN:33,(anonymous_2)
FN:35,(anonymous_3)
FNF:4
FNH:0
FNDA:0,NotificationsModal
FNDA:0,(anonymous_1)
FNDA:0,(anonymous_2)
FNDA:0,(anonymous_3)
DA:12,0
DA:13,0
DA:14,0
DA:16,0
DA:17,0
DA:18,0
DA:22,0
DA:34,0
DA:35,0
DA:52,0
LF:10
LH:0
BRDA:17,0,0,0
BRDA:17,0,1,0
BRF:2
BRH:0
end_of_record
TN:
SF:app/(modals)/privacy-policy.tsx
FN:9,PrivacyPolicy
FN:22,(anonymous_1)
FN:24,(anonymous_2)
FNF:3
FNH:0
FNDA:0,PrivacyPolicy
FNDA:0,(anonymous_1)
FNDA:0,(anonymous_2)
DA:10,0
DA:11,0
DA:13,0
DA:23,0
DA:24,0
DA:87,0
LF:6
LH:0
BRF:0
BRH:0
end_of_record
TN:
SF:app/(modals)/terms-of-service.tsx
FN:9,TermsOfService
FN:23,(anonymous_1)
FN:25,(anonymous_2)
FNF:3
FNH:0
FNDA:0,TermsOfService
FNDA:0,(anonymous_1)
FNDA:0,(anonymous_2)
DA:10,0
DA:11,0
DA:12,0
DA:14,0
DA:24,0
DA:25,0
DA:96,0
LF:7
LH:0
BRF:0
BRH:0
end_of_record
TN:
SF:app/(profile)/[id].tsx
FN:14,UserProfilePage
FN:163,(anonymous_1)
FN:167,(anonymous_2)
FN:180,(anonymous_3)
FN:248,(anonymous_4)
FN:282,(anonymous_5)
FN:292,(anonymous_6)
FNF:7
FNH:0
FNDA:0,UserProfilePage
FNDA:0,(anonymous_1)
FNDA:0,(anonymous_2)
FNDA:0,(anonymous_3)
FNDA:0,(anonymous_4)
FNDA:0,(anonymous_5)
FNDA:0,(anonymous_6)
DA:15,0
DA:16,0
DA:17,0
DA:18,0
DA:20,0
DA:21,0
DA:23,0
DA:163,0
DA:164,0
DA:167,0
DA:168,0
DA:169,0
DA:172,0
DA:173,0
DA:180,0
DA:189,0
DA:192,0
DA:193,0
DA:206,0
DA:207,0
DA:223,0
DA:225,0
DA:249,0
DA:282,0
DA:292,0
LF:25
LH:0
BRDA:33,0,0,0
BRDA:33,0,1,0
BRDA:40,1,0,0
BRDA:40,1,1,0
BRDA:140,2,0,0
BRDA:140,2,1,0
BRDA:142,3,0,0
BRDA:142,3,1,0
BRDA:148,4,0,0
BRDA:148,4,1,0
BRDA:159,5,0,0
BRDA:159,5,1,0
BRDA:168,6,0,0
BRDA:168,6,1,0
BRDA:172,7,0,0
BRDA:172,7,1,0
BRDA:176,8,0,0
BRDA:176,8,1,0
BRDA:192,9,0,0
BRDA:192,9,1,0
BRDA:206,10,0,0
BRDA:206,10,1,0
BRDA:206,11,0,0
BRDA:206,11,1,0
BRDA:216,12,0,0
BRDA:216,12,1,0
BRDA:255,13,0,0
BRDA:255,13,1,0
BRDA:262,14,0,0
BRDA:262,14,1,0
BRDA:271,15,0,0
BRDA:271,15,1,0
BRDA:272,16,0,0
BRDA:272,16,1,0
BRDA:280,17,0,0
BRDA:280,17,1,0
BRDA:290,18,0,0
BRDA:290,18,1,0
BRDA:299,19,0,0
BRDA:299,19,1,0
BRF:40
BRH:0
end_of_record
TN:
SF:app/(profile)/_layout.tsx
FN:6,SettingsLayout
FN:9,(anonymous_1)
FNF:2
FNH:0
FNDA:0,SettingsLayout
FNDA:0,(anonymous_1)
DA:7,0
DA:9,0
DA:13,0
DA:20,0
LF:4
LH:0
BRF:0
BRH:0
end_of_record
TN:
SF:app/(profile)/settings.tsx
FN:23,Settings
FN:36,(anonymous_1)
FN:45,(anonymous_2)
FN:54,getThemeIcon
FN:67,handleDeleteConfirm
FN:118,handleDeleteAccount
FN:132,(anonymous_6)
FN:137,(anonymous_7)
FN:154,(anonymous_8)
FN:159,(anonymous_9)
FN:164,(anonymous_10)
FN:172,(anonymous_11)
FN:184,(anonymous_12)
FN:205,(anonymous_13)
FN:207,(anonymous_14)
FN:208,(anonymous_15)
FN:232,(anonymous_16)
FN:287,(anonymous_17)
FN:300,(anonymous_18)
FN:316,(anonymous_19)
FN:335,(anonymous_20)
FN:351,(anonymous_21)
FN:364,(anonymous_22)
FN:372,(anonymous_23)
FN:391,(anonymous_24)
FN:420,(anonymous_25)
FN:452,(anonymous_26)
FN:457,(anonymous_27)
FN:486,(anonymous_28)
FN:495,(anonymous_29)
FNF:30
FNH:0
FNDA:0,Settings
FNDA:0,(anonymous_1)
FNDA:0,(anonymous_2)
FNDA:0,getThemeIcon
FNDA:0,handleDeleteConfirm
FNDA:0,handleDeleteAccount
FNDA:0,(anonymous_6)
FNDA:0,(anonymous_7)
FNDA:0,(anonymous_8)
FNDA:0,(anonymous_9)
FNDA:0,(anonymous_10)
FNDA:0,(anonymous_11)
FNDA:0,(anonymous_12)
FNDA:0,(anonymous_13)
FNDA:0,(anonymous_14)
FNDA:0,(anonymous_15)
FNDA:0,(anonymous_16)
FNDA:0,(anonymous_17)
FNDA:0,(anonymous_18)
FNDA:0,(anonymous_19)
FNDA:0,(anonymous_20)
FNDA:0,(anonymous_21)
FNDA:0,(anonymous_22)
FNDA:0,(anonymous_23)
FNDA:0,(anonymous_24)
FNDA:0,(anonymous_25)
FNDA:0,(anonymous_26)
FNDA:0,(anonymous_27)
FNDA:0,(anonymous_28)
FNDA:0,(anonymous_29)
DA:15,0
DA:18,0
DA:24,0
DA:25,0
DA:26,0
DA:27,0
DA:28,0
DA:29,0
DA:30,0
DA:31,0
DA:32,0
DA:33,0
DA:34,0
DA:36,0
DA:37,0
DA:38,0
DA:40,0
DA:46,0
DA:47,0
DA:49,0
DA:55,0
DA:57,0
DA:59,0
DA:61,0
DA:63,0
DA:68,0
DA:69,0
DA:74,0
DA:77,0
DA:78,0
DA:79,0
DA:82,0
DA:83,0
DA:84,0
DA:88,0
DA:92,0
DA:95,0
DA:96,0
DA:97,0
DA:98,0
DA:99,0
DA:100,0
DA:103,0
DA:104,0
DA:112,0
DA:113,0
DA:114,0
DA:119,0
DA:120,0
DA:121,0
DA:122,0
DA:127,0
DA:129,0
DA:132,0
DA:133,0
DA:134,0
DA:137,0
DA:138,0
DA:141,0
DA:154,0
DA:159,0
DA:165,0
DA:166,0
DA:172,0
DA:185,0
DA:186,0
DA:192,0
DA:206,0
DA:208,0
DA:209,0
DA:233,0
DA:287,0
DA:300,0
DA:316,0
DA:335,0
DA:351,0
DA:364,0
DA:373,0
DA:374,0
DA:392,0
DA:393,0
DA:421,0
DA:422,0
DA:452,0
DA:457,0
DA:487,0
DA:496,0
DA:497,0
DA:542,0
LF:89
LH:0
BRDA:36,0,0,0
BRDA:38,1,0,0
BRDA:38,1,1,0
BRDA:38,2,0,0
BRDA:38,2,1,0
BRDA:46,3,0,0
BRDA:46,3,1,0
BRDA:46,4,0,0
BRDA:46,4,1,0
BRDA:55,5,0,0
BRDA:55,5,1,0
BRDA:55,5,2,0
BRDA:55,5,3,0
BRDA:68,6,0,0
BRDA:68,6,1,0
BRDA:83,7,0,0
BRDA:83,7,1,0
BRDA:96,8,0,0
BRDA:96,8,1,0
BRDA:107,9,0,0
BRDA:107,9,1,0
BRDA:120,10,0,0
BRDA:120,10,1,0
BRDA:146,11,0,0
BRDA:146,11,1,0
BRDA:238,12,0,0
BRDA:238,12,1,0
BRDA:246,13,0,0
BRDA:246,13,1,0
BRDA:246,14,0,0
BRDA:246,14,1,0
BRDA:252,15,0,0
BRDA:252,15,1,0
BRDA:260,16,0,0
BRDA:260,16,1,0
BRDA:261,17,0,0
BRDA:261,17,1,0
BRDA:268,18,0,0
BRDA:268,18,1,0
BRDA:275,19,0,0
BRDA:275,19,1,0
BRDA:434,20,0,0
BRDA:434,20,1,0
BRDA:492,21,0,0
BRDA:492,21,1,0
BRDA:505,22,0,0
BRDA:505,22,1,0
BRDA:512,23,0,0
BRDA:512,23,1,0
BRDA:517,24,0,0
BRDA:517,24,1,0
BRDA:524,25,0,0
BRDA:524,25,1,0
BRF:53
BRH:0
end_of_record
TN:
SF:app/(tabs)/_layout.tsx
FN:11,TabsLayout
FN:55,(anonymous_1)
FN:70,(anonymous_2)
FN:85,(anonymous_3)
FN:101,(anonymous_4)
FNF:5
FNH:0
FNDA:0,TabsLayout
FNDA:0,(anonymous_1)
FNDA:0,(anonymous_2)
FNDA:0,(anonymous_3)
FNDA:0,(anonymous_4)
DA:12,0
DA:13,0
DA:16,0
DA:17,0
DA:21,0
DA:22,0
DA:25,0
DA:56,0
DA:71,0
DA:86,0
DA:102,0
DA:128,0
LF:12
LH:0
BRDA:16,0,0,0
BRDA:16,0,1,0
BRDA:21,1,0,0
BRDA:21,1,1,0
BRDA:41,2,0,0
BRDA:41,2,1,0
BRDA:42,3,0,0
BRDA:42,3,1,0
BRDA:56,4,0,0
BRDA:56,4,1,0
BRDA:71,5,0,0
BRDA:71,5,1,0
BRDA:86,6,0,0
BRDA:86,6,1,0
BRDA:102,7,0,0
BRDA:102,7,1,0
BRDA:103,8,0,0
BRDA:103,8,1,0
BRDA:109,9,0,0
BRDA:109,9,1,0
BRF:20
BRH:0
end_of_record
TN:
SF:app/(tabs)/community.tsx
FN:20,(anonymous_0)
FN:118,(anonymous_1)
FN:132,(anonymous_2)
FN:146,(anonymous_3)
FNF:4
FNH:0
FNDA:0,(anonymous_0)
FNDA:0,(anonymous_1)
FNDA:0,(anonymous_2)
FNDA:0,(anonymous_3)
DA:20,0
DA:21,0
DA:22,0
DA:23,0
DA:24,0
DA:25,0
DA:27,0
DA:29,0
DA:106,0
DA:118,0
DA:132,0
DA:146,0
LF:12
LH:0
BRDA:42,0,0,0
BRDA:42,0,1,0
BRDA:45,1,0,0
BRDA:45,1,1,0
BRDA:47,2,0,0
BRDA:47,2,1,0
BRDA:48,3,0,0
BRDA:48,3,1,0
BRDA:49,4,0,0
BRDA:49,4,1,0
BRDA:51,5,0,0
BRDA:51,5,1,0
BRDA:53,6,0,0
BRDA:53,6,1,0
BRDA:60,7,0,0
BRDA:60,7,1,0
BRDA:66,8,0,0
BRDA:66,8,1,0
BRDA:79,9,0,0
BRDA:79,9,1,0
BRDA:95,10,0,0
BRDA:95,10,1,0
BRDA:96,11,0,0
BRDA:96,11,1,0
BRDA:116,12,0,0
BRDA:116,12,1,0
BRDA:122,13,0,0
BRDA:122,13,1,0
BRDA:130,14,0,0
BRDA:130,14,1,0
BRDA:136,15,0,0
BRDA:136,15,1,0
BRDA:144,16,0,0
BRDA:144,16,1,0
BRDA:150,17,0,0
BRDA:150,17,1,0
BRDA:159,18,0,0
BRDA:159,18,1,0
BRDA:161,19,0,0
BRDA:161,19,1,0
BRF:40
BRH:0
end_of_record
TN:
SF:app/(tabs)/dashboard.tsx
FN:28,Dashboard
FN:55,(anonymous_1)
FN:61,(anonymous_2)
FN:69,(anonymous_3)
FN:70,(anonymous_4)
FN:89,(anonymous_5)
FN:152,(anonymous_6)
FN:169,(anonymous_7)
FN:183,(anonymous_8)
FN:203,(anonymous_9)
FN:233,(anonymous_10)
FN:251,(anonymous_11)
FNF:12
FNH:0
FNDA:0,Dashboard
FNDA:0,(anonymous_1)
FNDA:0,(anonymous_2)
FNDA:0,(anonymous_3)
FNDA:0,(anonymous_4)
FNDA:0,(anonymous_5)
FNDA:0,(anonymous_6)
FNDA:0,(anonymous_7)
FNDA:0,(anonymous_8)
FNDA:0,(anonymous_9)
FNDA:0,(anonymous_10)
FNDA:0,(anonymous_11)
DA:29,0
DA:30,0
DA:31,0
DA:32,0
DA:33,0
DA:34,0
DA:36,0
DA:37,0
DA:38,0
DA:39,0
DA:40,0
DA:41,0
DA:42,0
DA:45,0
DA:55,0
DA:60,0
DA:62,0
DA:63,0
DA:69,0
DA:70,0
DA:71,0
DA:72,0
DA:75,0
DA:76,0
DA:77,0
DA:79,0
DA:82,0
DA:86,0
DA:89,0
DA:90,0
DA:94,0
DA:95,0
DA:103,0
DA:104,0
DA:115,0
DA:118,0
DA:125,0
DA:131,0
DA:153,0
DA:154,0
DA:169,0
DA:184,0
DA:185,0
DA:204,0
DA:208,0
DA:234,0
DA:235,0
DA:251,0
LF:48
LH:0
BRDA:36,0,0,0
BRDA:36,0,1,0
BRDA:62,1,0,0
BRDA:62,1,1,0
BRDA:72,2,0,0
BRDA:72,2,1,0
BRDA:76,3,0,0
BRDA:76,3,1,0
BRDA:94,4,0,0
BRDA:94,4,1,0
BRDA:103,5,0,0
BRDA:103,5,1,0
BRDA:115,6,0,0
BRDA:115,6,1,0
BRDA:120,7,0,0
BRDA:120,7,1,0
BRDA:141,8,0,0
BRDA:141,8,1,0
BRDA:201,9,0,0
BRDA:201,9,1,0
BRDA:256,10,0,0
BRDA:256,10,1,0
BRDA:257,11,0,0
BRDA:257,11,1,0
BRDA:267,12,0,0
BRDA:267,12,1,0
BRF:26
BRH:0
end_of_record
TN:
SF:app/(tabs)/evolve.tsx
FN:23,EvolveContent
FN:64,Evolve
FNF:2
FNH:0
FNDA:0,EvolveContent
FNDA:0,Evolve
DA:13,0
DA:24,0
DA:25,0
DA:26,0
DA:27,0
DA:29,0
DA:31,0
DA:52,0
DA:65,0
LF:9
LH:0
BRDA:29,0,0,0
BRDA:29,0,1,0
BRDA:29,1,0,0
BRDA:29,1,1,0
BRDA:37,2,0,0
BRDA:37,2,1,0
BRF:6
BRH:0
end_of_record
TN:
SF:app/(tabs)/profile.tsx
FN:196,(anonymous_0)
FN:273,(anonymous_1)
FN:283,(anonymous_2)
FN:298,(anonymous_3)
FN:311,Profile
FN:322,(anonymous_5)
FN:326,(anonymous_6)
FN:327,(anonymous_7)
FN:334,(anonymous_8)
FN:337,(anonymous_9)
FN:341,(anonymous_10)
FN:342,(anonymous_11)
FN:343,(anonymous_12)
FN:347,(anonymous_13)
FN:349,(anonymous_14)
FN:367,(anonymous_15)
FN:368,(anonymous_16)
FN:409,(anonymous_17)
FNF:18
FNH:0
FNDA:0,(anonymous_0)
FNDA:0,(anonymous_1)
FNDA:0,(anonymous_2)
FNDA:0,(anonymous_3)
FNDA:0,Profile
FNDA:0,(anonymous_5)
FNDA:0,(anonymous_6)
FNDA:0,(anonymous_7)
FNDA:0,(anonymous_8)
FNDA:0,(anonymous_9)
FNDA:0,(anonymous_10)
FNDA:0,(anonymous_11)
FNDA:0,(anonymous_12)
FNDA:0,(anonymous_13)
FNDA:0,(anonymous_14)
FNDA:0,(anonymous_15)
FNDA:0,(anonymous_16)
FNDA:0,(anonymous_17)
DA:30,0
DA:196,0
DA:203,0
DA:205,0
DA:273,0
DA:274,0
DA:276,0
DA:283,0
DA:298,0
DA:312,0
DA:313,0
DA:314,0
DA:315,0
DA:316,0
DA:317,0
DA:320,0
DA:322,0
DA:323,0
DA:324,0
DA:327,0
DA:328,0
DA:331,0
DA:334,0
DA:337,0
DA:338,0
DA:341,0
DA:342,0
DA:343,0
DA:344,0
DA:347,0
DA:349,0
DA:350,0
DA:359,0
DA:367,0
DA:369,0
DA:409,0
LF:36
LH:0
BRDA:47,0,0,0
BRDA:47,0,1,0
BRDA:223,1,0,0
BRDA:223,1,1,0
BRDA:226,2,0,0
BRDA:226,2,1,0
BRDA:244,3,0,0
BRDA:244,3,1,0
BRDA:251,4,0,0
BRDA:251,4,1,0
BRDA:263,5,0,0
BRDA:263,5,1,0
BRDA:266,6,0,0
BRDA:266,6,1,0
BRDA:281,7,0,0
BRDA:281,7,1,0
BRDA:287,8,0,0
BRDA:287,8,1,0
BRDA:296,9,0,0
BRDA:296,9,1,0
BRDA:302,10,0,0
BRDA:302,10,1,0
BRDA:320,11,0,0
BRDA:320,11,1,0
BRDA:323,12,0,0
BRDA:323,12,1,0
BRDA:328,13,0,0
BRDA:328,13,1,0
BRDA:328,13,2,0
BRDA:351,14,0,0
BRDA:351,14,1,0
BRDA:354,15,0,0
BRDA:354,15,1,0
BRF:33
BRH:0
end_of_record
TN:
SF:app/utils/logger.ts
FN:4,(anonymous_0)
FN:7,(anonymous_1)
FN:10,(anonymous_2)
FNF:3
FNH:0
FNDA:0,(anonymous_0)
FNDA:0,(anonymous_1)
FNDA:0,(anonymous_2)
DA:1,0
DA:3,0
DA:5,0
DA:8,0
DA:12,0
LF:5
LH:0
BRDA:5,0,0,0
BRDA:5,0,1,0
BRDA:8,1,0,0
BRDA:8,1,1,0
BRF:4
BRH:0
end_of_record
TN:
SF:backend/auth.tsx
FN:23,(anonymous_0)
FN:35,(anonymous_1)
FN:47,signOut
FN:56,(anonymous_3)
FNF:4
FNH:0
FNDA:0,(anonymous_0)
FNDA:0,(anonymous_1)
FNDA:0,signOut
FNDA:0,(anonymous_3)
DA:23,0
DA:24,0
DA:25,0
DA:26,0
DA:28,0
DA:29,0
DA:31,0
DA:35,0
DA:36,0
DA:37,0
DA:38,0
DA:40,0
DA:41,0
DA:43,0
DA:48,0
DA:49,0
DA:50,0
DA:52,0
DA:56,0
DA:57,0
DA:58,0
DA:59,0
DA:61,0
DA:62,0
DA:64,0
LF:25
LH:0
BRDA:28,0,0,0
BRDA:28,0,1,0
BRDA:40,1,0,0
BRDA:40,1,1,0
BRDA:61,2,0,0
BRDA:61,2,1,0
BRF:6
BRH:0
end_of_record
TN:
SF:backend/config/firebase.ts
FN:40,(anonymous_0)
FN:52,(anonymous_1)
FNF:2
FNH:0
FNDA:0,(anonymous_0)
FNDA:0,(anonymous_1)
DA:17,0
DA:28,0
DA:32,0
DA:39,0
DA:40,0
DA:41,0
DA:46,0
DA:47,0
DA:50,0
DA:52,0
DA:53,0
DA:54,0
DA:55,0
DA:56,0
DA:57,0
DA:60,0
DA:62,0
DA:67,0
LF:18
LH:0
BRDA:32,0,0,0
BRDA:32,0,1,0
BRDA:39,1,0,0
BRDA:39,1,1,0
BRDA:54,2,0,0
BRDA:54,2,1,0
BRDA:56,3,0,0
BRDA:56,3,1,0
BRF:8
BRH:0
end_of_record
TN:
SF:backend/services/badgeService.ts
FN:19,(anonymous_0)
FN:26,(anonymous_1)
FN:34,(anonymous_2)
FN:50,(anonymous_3)
FN:70,(anonymous_4)
FN:169,(anonymous_5)
FN:251,(anonymous_6)
FN:257,(anonymous_7)
FN:271,(anonymous_8)
FNF:9
FNH:0
FNDA:0,(anonymous_0)
FNDA:0,(anonymous_1)
FNDA:0,(anonymous_2)
FNDA:0,(anonymous_3)
FNDA:0,(anonymous_4)
FNDA:0,(anonymous_5)
FNDA:0,(anonymous_6)
FNDA:0,(anonymous_7)
FNDA:0,(anonymous_8)
DA:15,0
DA:17,0
DA:20,0
DA:21,0
DA:22,0
DA:23,0
DA:25,0
DA:26,0
DA:29,0
DA:35,0
DA:36,0
DA:37,0
DA:38,0
DA:39,0
DA:41,0
DA:42,0
DA:44,0
DA:45,0
DA:54,0
DA:55,0
DA:56,0
DA:57,0
DA:58,0
DA:61,0
DA:62,0
DA:63,0
DA:64,0
DA:66,0
DA:68,0
DA:70,0
DA:72,0
DA:75,0
DA:76,0
DA:78,0
DA:80,0
DA:84,0
DA:88,0
DA:91,0
DA:94,0
DA:96,0
DA:99,0
DA:100,0
DA:102,0
DA:105,0
DA:114,0
DA:116,0
DA:117,0
DA:119,0
DA:120,0
DA:122,0
DA:124,0
DA:127,0
DA:128,0
DA:130,0
DA:133,0
DA:141,0
DA:143,0
DA:146,0
DA:147,0
DA:148,0
DA:155,0
DA:156,0
DA:161,0
DA:163,0
DA:164,0
DA:174,0
DA:175,0
DA:178,0
DA:179,0
DA:180,0
DA:181,0
DA:183,0
DA:185,0
DA:190,0
DA:193,0
DA:195,0
DA:198,0
DA:199,0
DA:203,0
DA:205,0
DA:207,0
DA:208,0
DA:209,0
DA:211,0
DA:212,0
DA:213,0
DA:214,0
DA:215,0
DA:216,0
DA:218,0
DA:220,0
DA:223,0
DA:224,0
DA:225,0
DA:228,0
DA:232,0
DA:233,0
DA:235,0
DA:236,0
DA:238,0
DA:241,0
DA:244,0
DA:246,0
DA:252,0
DA:253,0
DA:258,0
DA:259,0
DA:260,0
DA:261,0
DA:262,0
DA:265,0
DA:266,0
DA:267,0
DA:268,0
DA:271,0
DA:272,0
DA:277,0
DA:278,0
DA:279,0
DA:280,0
DA:283,0
DA:289,0
LF:122
LH:0
BRDA:22,0,0,0
BRDA:22,0,1,0
BRDA:37,1,0,0
BRDA:37,1,1,0
BRDA:42,2,0,0
BRDA:42,2,1,0
BRDA:56,3,0,0
BRDA:56,3,1,0
BRDA:63,4,0,0
BRDA:63,4,1,0
BRDA:68,5,0,0
BRDA:68,5,1,0
BRDA:69,6,0,0
BRDA:69,6,1,0
BRDA:78,7,0,0
BRDA:78,7,1,0
BRDA:78,7,2,0
BRDA:78,7,3,0
BRDA:80,8,0,0
BRDA:80,8,1,0
BRDA:81,9,0,0
BRDA:81,9,1,0
BRDA:89,10,0,0
BRDA:89,10,1,0
BRDA:95,11,0,0
BRDA:95,11,1,0
BRDA:99,12,0,0
BRDA:99,12,1,0
BRDA:100,13,0,0
BRDA:100,13,1,0
BRDA:102,14,0,0
BRDA:102,14,1,0
BRDA:114,15,0,0
BRDA:114,15,1,0
BRDA:114,15,2,0
BRDA:127,16,0,0
BRDA:127,16,1,0
BRDA:128,17,0,0
BRDA:128,17,1,0
BRDA:146,18,0,0
BRDA:146,18,1,0
BRDA:155,19,0,0
BRDA:155,19,1,0
BRDA:174,20,0,0
BRDA:174,20,1,0
BRDA:174,21,0,0
BRDA:174,21,1,0
BRDA:174,21,2,0
BRDA:181,22,0,0
BRDA:181,22,1,0
BRDA:183,23,0,0
BRDA:183,23,1,0
BRDA:183,23,2,0
BRDA:183,23,3,0
BRDA:183,23,4,0
BRDA:185,24,0,0
BRDA:185,24,1,0
BRDA:186,25,0,0
BRDA:186,25,1,0
BRDA:190,26,0,0
BRDA:190,26,1,0
BRDA:193,27,0,0
BRDA:193,27,1,0
BRDA:198,28,0,0
BRDA:198,28,1,0
BRDA:203,29,0,0
BRDA:203,29,1,0
BRDA:205,30,0,0
BRDA:205,30,1,0
BRDA:207,31,0,0
BRDA:207,31,1,0
BRDA:209,32,0,0
BRDA:209,32,1,0
BRDA:211,33,0,0
BRDA:211,33,1,0
BRDA:212,34,0,0
BRDA:212,34,1,0
BRDA:213,35,0,0
BRDA:213,35,1,0
BRDA:214,36,0,0
BRDA:214,36,1,0
BRDA:215,37,0,0
BRDA:215,37,1,0
BRDA:218,38,0,0
BRDA:218,38,1,0
BRDA:223,39,0,0
BRDA:223,39,1,0
BRDA:233,40,0,0
BRDA:233,40,1,0
BRDA:235,41,0,0
BRDA:235,41,1,0
BRDA:236,42,0,0
BRDA:236,42,1,0
BRDA:260,43,0,0
BRDA:260,43,1,0
BRDA:266,44,0,0
BRDA:266,44,1,0
BRDA:272,45,0,0
BRDA:272,45,1,0
BRDA:273,46,0,0
BRDA:273,46,1,0
BRDA:277,47,0,0
BRDA:277,47,1,0
BRF:103
BRH:0
end_of_record
TN:
SF:backend/services/categoryService.ts
FN:17,(anonymous_0)
FN:30,(anonymous_1)
FN:82,(anonymous_2)
FN:92,(anonymous_3)
FNF:4
FNH:0
FNDA:0,(anonymous_0)
FNDA:0,(anonymous_1)
FNDA:0,(anonymous_2)
FNDA:0,(anonymous_3)
DA:15,0
DA:17,0
DA:20,0
DA:21,0
DA:22,0
DA:24,0
DA:26,0
DA:30,0
DA:35,0
DA:36,0
DA:37,0
DA:39,0
DA:41,0
DA:42,0
DA:49,0
DA:50,0
DA:51,0
DA:54,0
DA:55,0
DA:56,0
DA:59,0
DA:60,0
DA:61,0
DA:62,0
DA:67,0
DA:75,0
DA:77,0
DA:78,0
DA:82,0
DA:83,0
DA:84,0
DA:85,0
DA:91,0
DA:92,0
DA:98,0
DA:99,0
LF:36
LH:0
BRDA:22,0,0,0
BRDA:22,0,1,0
BRDA:39,1,0,0
BRDA:39,1,1,0
BRDA:41,2,0,0
BRDA:41,2,1,0
BRDA:42,3,0,0
BRDA:42,3,1,0
BRDA:59,4,0,0
BRDA:59,4,1,0
BRF:10
BRH:0
end_of_record
TN:
SF:backend/services/challengeService.ts
FN:30,(anonymous_0)
FN:34,(anonymous_1)
FN:38,(anonymous_2)
FN:46,(anonymous_3)
FN:60,(anonymous_4)
FN:68,(anonymous_5)
FN:76,(anonymous_6)
FN:98,(anonymous_7)
FN:99,(anonymous_8)
FN:164,(anonymous_9)
FN:184,(anonymous_10)
FN:188,(anonymous_11)
FN:199,(anonymous_12)
FN:231,(anonymous_13)
FN:239,(anonymous_14)
FN:312,(anonymous_15)
FN:331,(anonymous_16)
FN:332,(anonymous_17)
FN:340,(anonymous_18)
FN:385,(anonymous_19)
FN:397,(anonymous_20)
FNF:21
FNH:0
FNDA:0,(anonymous_0)
FNDA:0,(anonymous_1)
FNDA:0,(anonymous_2)
FNDA:0,(anonymous_3)
FNDA:0,(anonymous_4)
FNDA:0,(anonymous_5)
FNDA:0,(anonymous_6)
FNDA:0,(anonymous_7)
FNDA:0,(anonymous_8)
FNDA:0,(anonymous_9)
FNDA:0,(anonymous_10)
FNDA:0,(anonymous_11)
FNDA:0,(anonymous_12)
FNDA:0,(anonymous_13)
FNDA:0,(anonymous_14)
FNDA:0,(anonymous_15)
FNDA:0,(anonymous_16)
FNDA:0,(anonymous_17)
FNDA:0,(anonymous_18)
FNDA:0,(anonymous_19)
FNDA:0,(anonymous_20)
DA:28,0
DA:31,0
DA:35,0
DA:36,0
DA:37,0
DA:38,0
DA:41,0
DA:42,0
DA:47,0
DA:48,0
DA:51,0
DA:52,0
DA:54,0
DA:56,0
DA:61,0
DA:62,0
DA:63,0
DA:67,0
DA:68,0
DA:71,0
DA:72,0
DA:77,0
DA:79,0
DA:82,0
DA:84,0
DA:90,0
DA:94,0
DA:95,0
DA:98,0
DA:99,0
DA:100,0
DA:101,0
DA:103,0
DA:108,0
DA:118,0
DA:120,0
DA:121,0
DA:124,0
DA:125,0
DA:128,0
DA:142,0
DA:159,0
DA:160,0
DA:168,0
DA:170,0
DA:174,0
DA:175,0
DA:178,0
DA:179,0
DA:180,0
DA:184,0
DA:185,0
DA:188,0
DA:189,0
DA:190,0
DA:194,0
DA:195,0
DA:198,0
DA:200,0
DA:201,0
DA:204,0
DA:205,0
DA:207,0
DA:211,0
DA:230,0
DA:231,0
DA:234,0
DA:235,0
DA:245,0
DA:246,0
DA:247,0
DA:250,0
DA:254,0
DA:256,0
DA:257,0
DA:259,0
DA:260,0
DA:261,0
DA:264,0
DA:276,0
DA:277,0
DA:278,0
DA:280,0
DA:287,0
DA:288,0
DA:297,0
DA:300,0
DA:307,0
DA:308,0
DA:313,0
DA:314,0
DA:320,0
DA:325,0
DA:326,0
DA:332,0
DA:333,0
DA:334,0
DA:336,0
DA:344,0
DA:346,0
DA:349,0
DA:351,0
DA:357,0
DA:368,0
DA:372,0
DA:380,0
DA:381,0
DA:388,0
DA:389,0
DA:390,0
DA:394,0
DA:395,0
DA:397,0
DA:398,0
DA:399,0
DA:400,0
DA:401,0
DA:405,0
DA:406,0
DA:410,0
DA:412,0
DA:413,0
DA:418,0
LF:123
LH:0
BRDA:51,0,0,0
BRDA:51,0,1,0
BRDA:82,1,0,0
BRDA:82,1,1,0
BRDA:100,2,0,0
BRDA:100,2,1,0
BRDA:114,3,0,0
BRDA:114,3,1,0
BRDA:118,4,0,0
BRDA:118,4,1,0
BRDA:121,5,0,0
BRDA:121,5,1,0
BRDA:124,6,0,0
BRDA:124,6,1,0
BRDA:174,7,0,0
BRDA:174,7,1,0
BRDA:174,8,0,0
BRDA:174,8,1,0
BRDA:184,9,0,0
BRDA:184,9,1,0
BRDA:199,10,0,0
BRDA:199,10,1,0
BRDA:201,11,0,0
BRDA:201,11,1,0
BRDA:204,12,0,0
BRDA:204,12,1,0
BRDA:207,13,0,0
BRDA:207,13,1,0
BRDA:218,14,0,0
BRDA:218,14,1,0
BRDA:231,15,0,0
BRDA:231,15,1,0
BRDA:256,16,0,0
BRDA:256,16,1,0
BRDA:268,17,0,0
BRDA:268,17,1,0
BRDA:276,18,0,0
BRDA:276,18,1,0
BRDA:333,19,0,0
BRDA:333,19,1,0
BRDA:349,20,0,0
BRDA:349,20,1,0
BRDA:363,21,0,0
BRDA:363,21,1,0
BRDA:405,22,0,0
BRDA:405,22,1,0
BRDA:405,23,0,0
BRDA:405,23,1,0
BRF:48
BRH:0
end_of_record
TN:
SF:backend/services/friendService.ts
FN:30,(anonymous_0)
FN:131,(anonymous_1)
FN:184,(anonymous_2)
FN:192,(anonymous_3)
FN:198,(anonymous_4)
FN:205,(anonymous_5)
FN:215,(anonymous_6)
FN:225,(anonymous_7)
FN:251,(anonymous_8)
FN:277,(anonymous_9)
FN:298,(anonymous_10)
FN:302,(anonymous_11)
FN:318,(anonymous_12)
FN:326,(anonymous_13)
FN:346,(anonymous_14)
FN:352,(anonymous_15)
FN:363,(anonymous_16)
FN:369,(anonymous_17)
FN:386,(anonymous_18)
FNF:19
FNH:0
FNDA:0,(anonymous_0)
FNDA:0,(anonymous_1)
FNDA:0,(anonymous_2)
FNDA:0,(anonymous_3)
FNDA:0,(anonymous_4)
FNDA:0,(anonymous_5)
FNDA:0,(anonymous_6)
FNDA:0,(anonymous_7)
FNDA:0,(anonymous_8)
FNDA:0,(anonymous_9)
FNDA:0,(anonymous_10)
FNDA:0,(anonymous_11)
FNDA:0,(anonymous_12)
FNDA:0,(anonymous_13)
FNDA:0,(anonymous_14)
FNDA:0,(anonymous_15)
FNDA:0,(anonymous_16)
FNDA:0,(anonymous_17)
FNDA:0,(anonymous_18)
DA:29,0
DA:36,0
DA:38,0
DA:39,0
DA:43,0
DA:50,0
DA:51,0
DA:52,0
DA:56,0
DA:57,0
DA:59,0
DA:60,0
DA:64,0
DA:65,0
DA:66,0
DA:69,0
DA:71,0
DA:74,0
DA:76,0
DA:79,0
DA:92,0
DA:108,0
DA:111,0
DA:112,0
DA:115,0
DA:119,0
DA:122,0
DA:124,0
DA:125,0
DA:127,0
DA:136,0
DA:137,0
DA:138,0
DA:139,0
DA:141,0
DA:142,0
DA:146,0
DA:147,0
DA:149,0
DA:155,0
DA:165,0
DA:175,0
DA:177,0
DA:178,0
DA:180,0
DA:185,0
DA:191,0
DA:192,0
DA:199,0
DA:200,0
DA:201,0
DA:202,0
DA:209,0
DA:210,0
DA:219,0
DA:221,0
DA:222,0
DA:223,0
DA:225,0
DA:228,0
DA:232,0
DA:239,0
DA:241,0
DA:242,0
DA:245,0
DA:247,0
DA:252,0
DA:253,0
DA:254,0
DA:255,0
DA:258,0
DA:271,0
DA:273,0
DA:278,0
DA:279,0
DA:280,0
DA:283,0
DA:288,0
DA:289,0
DA:293,0
DA:294,0
DA:297,0
DA:298,0
DA:301,0
DA:302,0
DA:306,0
DA:311,0
DA:312,0
DA:314,0
DA:319,0
DA:320,0
DA:323,0
DA:324,0
DA:325,0
DA:326,0
DA:328,0
DA:332,0
DA:337,0
DA:346,0
DA:348,0
DA:353,0
DA:354,0
DA:355,0
DA:359,0
DA:364,0
DA:365,0
DA:366,0
DA:367,0
DA:369,0
DA:382,0
DA:387,0
DA:388,0
DA:389,0
DA:390,0
DA:392,0
LF:115
LH:0
BRDA:38,0,0,0
BRDA:38,0,1,0
BRDA:38,1,0,0
BRDA:38,1,1,0
BRDA:51,2,0,0
BRDA:51,2,1,0
BRDA:59,3,0,0
BRDA:59,3,1,0
BRDA:65,4,0,0
BRDA:65,4,1,0
BRDA:71,5,0,0
BRDA:71,5,1,0
BRDA:71,5,2,0
BRDA:86,6,0,0
BRDA:86,6,1,0
BRDA:86,6,2,0
BRDA:87,7,0,0
BRDA:87,7,1,0
BRDA:87,7,2,0
BRDA:124,8,0,0
BRDA:124,8,1,0
BRDA:141,9,0,0
BRDA:141,9,1,0
BRDA:177,10,0,0
BRDA:177,10,1,0
BRDA:202,11,0,0
BRDA:202,11,1,0
BRDA:223,12,0,0
BRDA:223,12,1,0
BRDA:241,13,0,0
BRDA:241,13,1,0
BRDA:288,14,0,0
BRDA:288,14,1,0
BRDA:288,15,0,0
BRDA:288,15,1,0
BRDA:297,16,0,0
BRDA:297,16,1,0
BRDA:301,17,0,0
BRDA:301,17,1,0
BRDA:311,18,0,0
BRDA:311,18,1,0
BRDA:325,19,0,0
BRDA:325,19,1,0
BRDA:373,20,0,0
BRDA:373,20,1,0
BRDA:376,21,0,0
BRDA:376,21,1,0
BRDA:377,22,0,0
BRDA:377,22,1,0
BRDA:378,23,0,0
BRDA:378,23,1,0
BRDA:379,24,0,0
BRDA:379,24,1,0
BRDA:390,25,0,0
BRDA:390,25,1,0
BRF:55
BRH:0
end_of_record
TN:
SF:backend/services/goalService.ts
FN:24,generateId
FN:28,isGoalExpired
FN:59,(anonymous_2)
FN:114,(anonymous_3)
FN:128,(anonymous_4)
FN:131,(anonymous_5)
FN:133,(anonymous_6)
FN:143,(anonymous_7)
FN:151,(anonymous_8)
FN:161,(anonymous_9)
FN:169,(anonymous_10)
FN:194,(anonymous_11)
FN:204,(anonymous_12)
FN:223,(anonymous_13)
FN:247,(anonymous_14)
FN:272,(anonymous_15)
FN:276,(anonymous_16)
FN:295,(anonymous_17)
FN:302,(anonymous_18)
FN:308,(anonymous_19)
FN:322,(anonymous_20)
FN:323,(anonymous_21)
FN:332,(anonymous_22)
FN:346,(anonymous_23)
FN:360,(anonymous_24)
FNF:25
FNH:0
FNDA:0,generateId
FNDA:0,isGoalExpired
FNDA:0,(anonymous_2)
FNDA:0,(anonymous_3)
FNDA:0,(anonymous_4)
FNDA:0,(anonymous_5)
FNDA:0,(anonymous_6)
FNDA:0,(anonymous_7)
FNDA:0,(anonymous_8)
FNDA:0,(anonymous_9)
FNDA:0,(anonymous_10)
FNDA:0,(anonymous_11)
FNDA:0,(anonymous_12)
FNDA:0,(anonymous_13)
FNDA:0,(anonymous_14)
FNDA:0,(anonymous_15)
FNDA:0,(anonymous_16)
FNDA:0,(anonymous_17)
FNDA:0,(anonymous_18)
FNDA:0,(anonymous_19)
FNDA:0,(anonymous_20)
FNDA:0,(anonymous_21)
FNDA:0,(anonymous_22)
FNDA:0,(anonymous_23)
FNDA:0,(anonymous_24)
DA:25,0
DA:29,0
DA:30,0
DA:32,0
DA:35,0
DA:43,0
DA:50,0
DA:53,0
DA:57,0
DA:60,0
DA:61,0
DA:62,0
DA:65,0
DA:77,0
DA:79,0
DA:80,0
DA:83,0
DA:84,0
DA:87,0
DA:88,0
DA:91,0
DA:92,0
DA:95,0
DA:96,0
DA:100,0
DA:105,0
DA:106,0
DA:108,0
DA:109,0
DA:118,0
DA:119,0
DA:120,0
DA:127,0
DA:128,0
DA:131,0
DA:132,0
DA:134,0
DA:143,0
DA:145,0
DA:146,0
DA:152,0
DA:153,0
DA:154,0
DA:160,0
DA:161,0
DA:163,0
DA:164,0
DA:174,0
DA:175,0
DA:176,0
DA:181,0
DA:182,0
DA:183,0
DA:186,0
DA:188,0
DA:189,0
DA:195,0
DA:196,0
DA:198,0
DA:199,0
DA:209,0
DA:210,0
DA:211,0
DA:217,0
DA:218,0
DA:228,0
DA:230,0
DA:236,0
DA:241,0
DA:242,0
DA:248,0
DA:249,0
DA:250,0
DA:252,0
DA:253,0
DA:260,0
DA:261,0
DA:264,0
DA:266,0
DA:267,0
DA:273,0
DA:274,0
DA:275,0
DA:276,0
DA:279,0
DA:287,0
DA:289,0
DA:290,0
DA:298,0
DA:304,0
DA:309,0
DA:310,0
DA:311,0
DA:313,0
DA:314,0
DA:316,0
DA:321,0
DA:322,0
DA:323,0
DA:326,0
DA:327,0
DA:336,0
DA:337,0
DA:338,0
DA:339,0
DA:342,0
DA:343,0
DA:346,0
DA:354,0
DA:355,0
DA:365,0
DA:366,0
DA:367,0
DA:369,0
DA:370,0
DA:373,0
DA:376,0
DA:380,0
DA:383,0
DA:396,0
DA:397,0
LF:121
LH:0
BRDA:24,0,0,0
BRDA:32,1,0,0
BRDA:32,1,1,0
BRDA:32,1,2,0
BRDA:32,1,3,0
BRDA:36,2,0,0
BRDA:36,2,1,0
BRDA:36,2,2,0
BRDA:44,3,0,0
BRDA:44,3,1,0
BRDA:68,4,0,0
BRDA:68,4,1,0
BRDA:69,5,0,0
BRDA:69,5,1,0
BRDA:79,6,0,0
BRDA:79,6,1,0
BRDA:79,7,0,0
BRDA:79,7,1,0
BRDA:83,8,0,0
BRDA:83,8,1,0
BRDA:87,9,0,0
BRDA:87,9,1,0
BRDA:91,10,0,0
BRDA:91,10,1,0
BRDA:95,11,0,0
BRDA:95,11,1,0
BRDA:181,12,0,0
BRDA:181,12,1,0
BRDA:214,13,0,0
BRDA:214,13,1,0
BRDA:230,14,0,0
BRDA:230,14,1,0
BRDA:232,15,0,0
BRDA:232,15,1,0
BRDA:252,16,0,0
BRDA:252,16,1,0
BRDA:338,17,0,0
BRDA:338,17,1,0
BRDA:369,18,0,0
BRDA:369,18,1,0
BRDA:376,19,0,0
BRDA:376,19,1,0
BRDA:377,20,0,0
BRDA:377,20,1,0
BRDA:390,21,0,0
BRDA:390,21,1,0
BRF:46
BRH:0
end_of_record
TN:
SF:backend/services/habitService.ts
FN:30,(anonymous_0)
FN:46,(anonymous_1)
FN:86,(anonymous_2)
FN:101,(anonymous_3)
FN:121,(anonymous_4)
FN:145,(anonymous_5)
FN:154,(anonymous_6)
FN:216,(anonymous_7)
FN:232,(anonymous_8)
FN:249,(anonymous_9)
FN:258,(anonymous_10)
FN:275,(anonymous_11)
FN:297,(anonymous_12)
FN:302,(anonymous_13)
FN:308,(anonymous_14)
FN:317,(anonymous_15)
FN:322,(anonymous_16)
FN:328,(anonymous_17)
FN:337,(anonymous_18)
FN:338,(anonymous_19)
FN:349,(anonymous_20)
FN:350,(anonymous_21)
FN:352,(anonymous_22)
FN:361,(anonymous_23)
FN:369,(anonymous_24)
FN:370,(anonymous_25)
FN:402,(anonymous_26)
FN:410,(anonymous_27)
FN:428,(anonymous_28)
FN:436,(anonymous_29)
FN:447,(anonymous_30)
FN:456,(anonymous_31)
FN:472,(anonymous_32)
FN:476,(anonymous_33)
FN:481,(anonymous_34)
FNF:35
FNH:0
FNDA:0,(anonymous_0)
FNDA:0,(anonymous_1)
FNDA:0,(anonymous_2)
FNDA:0,(anonymous_3)
FNDA:0,(anonymous_4)
FNDA:0,(anonymous_5)
FNDA:0,(anonymous_6)
FNDA:0,(anonymous_7)
FNDA:0,(anonymous_8)
FNDA:0,(anonymous_9)
FNDA:0,(anonymous_10)
FNDA:0,(anonymous_11)
FNDA:0,(anonymous_12)
FNDA:0,(anonymous_13)
FNDA:0,(anonymous_14)
FNDA:0,(anonymous_15)
FNDA:0,(anonymous_16)
FNDA:0,(anonymous_17)
FNDA:0,(anonymous_18)
FNDA:0,(anonymous_19)
FNDA:0,(anonymous_20)
FNDA:0,(anonymous_21)
FNDA:0,(anonymous_22)
FNDA:0,(anonymous_23)
FNDA:0,(anonymous_24)
FNDA:0,(anonymous_25)
FNDA:0,(anonymous_26)
FNDA:0,(anonymous_27)
FNDA:0,(anonymous_28)
FNDA:0,(anonymous_29)
FNDA:0,(anonymous_30)
FNDA:0,(anonymous_31)
FNDA:0,(anonymous_32)
FNDA:0,(anonymous_33)
FNDA:0,(anonymous_34)
DA:28,0
DA:31,0
DA:32,0
DA:33,0
DA:36,0
DA:37,0
DA:38,0
DA:41,0
DA:42,0
DA:45,0
DA:47,0
DA:51,0
DA:52,0
DA:55,0
DA:74,0
DA:78,0
DA:80,0
DA:81,0
DA:87,0
DA:88,0
DA:89,0
DA:91,0
DA:93,0
DA:95,0
DA:96,0
DA:106,0
DA:107,0
DA:108,0
DA:115,0
DA:116,0
DA:122,0
DA:123,0
DA:124,0
DA:125,0
DA:127,0
DA:128,0
DA:132,0
DA:133,0
DA:135,0
DA:139,0
DA:140,0
DA:146,0
DA:147,0
DA:148,0
DA:149,0
DA:151,0
DA:153,0
DA:154,0
DA:156,0
DA:159,0
DA:160,0
DA:163,0
DA:164,0
DA:165,0
DA:168,0
DA:171,0
DA:185,0
DA:186,0
DA:194,0
DA:197,0
DA:205,0
DA:211,0
DA:218,0
DA:228,0
DA:234,0
DA:244,0
DA:250,0
DA:251,0
DA:252,0
DA:253,0
DA:255,0
DA:257,0
DA:258,0
DA:267,0
DA:269,0
DA:270,0
DA:276,0
DA:277,0
DA:278,0
DA:281,0
DA:284,0
DA:286,0
DA:288,0
DA:290,0
DA:298,0
DA:299,0
DA:301,0
DA:302,0
DA:304,0
DA:310,0
DA:313,0
DA:318,0
DA:319,0
DA:321,0
DA:322,0
DA:324,0
DA:329,0
DA:330,0
DA:331,0
DA:333,0
DA:336,0
DA:337,0
DA:338,0
DA:343,0
DA:344,0
DA:350,0
DA:352,0
DA:353,0
DA:354,0
DA:355,0
DA:362,0
DA:363,0
DA:364,0
DA:365,0
DA:367,0
DA:368,0
DA:369,0
DA:372,0
DA:374,0
DA:375,0
DA:378,0
DA:381,0
DA:384,0
DA:386,0
DA:391,0
DA:392,0
DA:396,0
DA:397,0
DA:403,0
DA:404,0
DA:405,0
DA:408,0
DA:410,0
DA:415,0
DA:423,0
DA:424,0
DA:429,0
DA:430,0
DA:431,0
DA:433,0
DA:436,0
DA:441,0
DA:442,0
DA:448,0
DA:449,0
DA:450,0
DA:451,0
DA:453,0
DA:455,0
DA:456,0
DA:465,0
DA:467,0
DA:468,0
DA:473,0
DA:477,0
DA:479,0
DA:481,0
DA:482,0
DA:483,0
DA:484,0
LF:160
LH:0
BRDA:37,0,0,0
BRDA:37,0,1,0
BRDA:42,1,0,0
BRDA:42,1,1,0
BRDA:47,2,0,0
BRDA:47,2,1,0
BRDA:51,3,0,0
BRDA:51,3,1,0
BRDA:58,4,0,0
BRDA:58,4,1,0
BRDA:59,5,0,0
BRDA:59,5,1,0
BRDA:67,6,0,0
BRDA:67,6,1,0
BRDA:91,7,0,0
BRDA:91,7,1,0
BRDA:127,8,0,0
BRDA:127,8,1,0
BRDA:151,9,0,0
BRDA:151,9,1,0
BRDA:156,10,0,0
BRDA:156,10,1,0
BRDA:159,11,0,0
BRDA:159,11,1,0
BRDA:164,12,0,0
BRDA:164,12,1,0
BRDA:255,13,0,0
BRDA:255,13,1,0
BRDA:281,14,0,0
BRDA:281,14,1,0
BRDA:286,15,0,0
BRDA:286,15,1,0
BRDA:288,16,0,0
BRDA:288,16,1,0
BRDA:298,17,0,0
BRDA:298,17,1,0
BRDA:310,18,0,0
BRDA:310,18,1,0
BRDA:318,19,0,0
BRDA:318,19,1,0
BRDA:333,20,0,0
BRDA:333,20,1,0
BRDA:350,21,0,0
BRDA:350,21,1,0
BRDA:350,22,0,0
BRDA:350,22,1,0
BRDA:354,23,0,0
BRDA:354,23,1,0
BRDA:372,24,0,0
BRDA:372,24,1,0
BRDA:374,25,0,0
BRDA:374,25,1,0
BRDA:378,26,0,0
BRDA:378,26,1,0
BRDA:381,27,0,0
BRDA:381,27,1,0
BRDA:391,28,0,0
BRDA:391,28,1,0
BRDA:433,29,0,0
BRDA:433,29,1,0
BRDA:438,30,0,0
BRDA:438,30,1,0
BRDA:453,31,0,0
BRDA:453,31,1,0
BRDA:473,32,0,0
BRDA:473,32,1,0
BRDA:477,33,0,0
BRDA:477,33,1,0
BRDA:483,34,0,0
BRDA:483,34,1,0
BRF:70
BRH:0
end_of_record
TN:
SF:backend/services/initServices.ts
FN:5,initializeServices
FNF:1
FNH:0
FNDA:0,initializeServices
DA:6,0
DA:7,0
LF:2
LH:0
BRF:0
BRH:0
end_of_record
TN:
SF:backend/services/journalService.ts
FN:25,(anonymous_0)
FN:83,(anonymous_1)
FN:98,(anonymous_2)
FN:115,(anonymous_3)
FN:122,(anonymous_4)
FNF:5
FNH:0
FNDA:0,(anonymous_0)
FNDA:0,(anonymous_1)
FNDA:0,(anonymous_2)
FNDA:0,(anonymous_3)
FNDA:0,(anonymous_4)
DA:18,0
DA:24,0
DA:26,0
DA:27,0
DA:28,0
DA:29,0
DA:32,0
DA:33,0
DA:35,0
DA:47,0
DA:49,0
DA:59,0
DA:69,0
DA:70,0
DA:71,0
DA:75,0
DA:78,0
DA:79,0
DA:84,0
DA:85,0
DA:86,0
DA:88,0
DA:90,0
DA:91,0
DA:93,0
DA:94,0
DA:104,0
DA:105,0
DA:106,0
DA:114,0
DA:115,0
DA:117,0
DA:118,0
DA:123,0
DA:124,0
DA:125,0
DA:126,0
DA:128,0
DA:130,0
DA:131,0
DA:133,0
DA:134,0
LF:42
LH:0
BRDA:35,0,0,0
BRDA:35,0,1,0
BRDA:63,1,0,0
BRDA:63,1,1,0
BRDA:69,2,0,0
BRDA:69,2,1,0
BRDA:88,3,0,0
BRDA:88,3,1,0
BRDA:102,4,0,0
BRDA:128,5,0,0
BRDA:128,5,1,0
BRF:11
BRH:0
end_of_record
TN:
SF:backend/services/levelService.ts
FN:34,(anonymous_0)
FN:46,(anonymous_1)
FN:52,(anonymous_2)
FN:68,(anonymous_3)
FN:73,(anonymous_4)
FN:80,(anonymous_5)
FN:95,(anonymous_6)
FN:99,(anonymous_7)
FN:104,(anonymous_8)
FN:111,(anonymous_9)
FN:116,(anonymous_10)
FN:127,(anonymous_11)
FN:140,(anonymous_12)
FN:186,(anonymous_13)
FN:198,(anonymous_14)
FN:225,(anonymous_15)
FN:253,(anonymous_16)
FN:257,(anonymous_17)
FN:274,(anonymous_18)
FN:291,(anonymous_19)
FN:311,(anonymous_20)
FN:319,(anonymous_21)
FN:337,(anonymous_22)
FN:357,(anonymous_23)
FN:373,(anonymous_24)
FN:383,(anonymous_25)
FN:389,(anonymous_26)
FN:404,(anonymous_27)
FN:412,(anonymous_28)
FN:467,(anonymous_29)
FN:473,(anonymous_30)
FNF:31
FNH:0
FNDA:0,(anonymous_0)
FNDA:0,(anonymous_1)
FNDA:0,(anonymous_2)
FNDA:0,(anonymous_3)
FNDA:0,(anonymous_4)
FNDA:0,(anonymous_5)
FNDA:0,(anonymous_6)
FNDA:0,(anonymous_7)
FNDA:0,(anonymous_8)
FNDA:0,(anonymous_9)
FNDA:0,(anonymous_10)
FNDA:0,(anonymous_11)
FNDA:0,(anonymous_12)
FNDA:0,(anonymous_13)
FNDA:0,(anonymous_14)
FNDA:0,(anonymous_15)
FNDA:0,(anonymous_16)
FNDA:0,(anonymous_17)
FNDA:0,(anonymous_18)
FNDA:0,(anonymous_19)
FNDA:0,(anonymous_20)
FNDA:0,(anonymous_21)
FNDA:0,(anonymous_22)
FNDA:0,(anonymous_23)
FNDA:0,(anonymous_24)
FNDA:0,(anonymous_25)
FNDA:0,(anonymous_26)
FNDA:0,(anonymous_27)
FNDA:0,(anonymous_28)
FNDA:0,(anonymous_29)
FNDA:0,(anonymous_30)
DA:17,0
DA:18,0
DA:19,0
DA:20,0
DA:23,0
DA:24,0
DA:25,0
DA:27,0
DA:34,0
DA:35,0
DA:46,0
DA:47,0
DA:50,0
DA:53,0
DA:69,0
DA:74,0
DA:75,0
DA:76,0
DA:82,0
DA:85,0
DA:88,0
DA:89,0
DA:91,0
DA:96,0
DA:100,0
DA:108,0
DA:111,0
DA:112,0
DA:116,0
DA:117,0
DA:120,0
DA:121,0
DA:123,0
DA:128,0
DA:129,0
DA:145,0
DA:147,0
DA:150,0
DA:151,0
DA:152,0
DA:155,0
DA:158,0
DA:159,0
DA:163,0
DA:167,0
DA:168,0
DA:171,0
DA:174,0
DA:175,0
DA:179,0
DA:180,0
DA:182,0
DA:187,0
DA:188,0
DA:189,0
DA:191,0
DA:193,0
DA:199,0
DA:200,0
DA:201,0
DA:202,0
DA:205,0
DA:206,0
DA:209,0
DA:210,0
DA:213,0
DA:216,0
DA:225,0
DA:237,0
DA:240,0
DA:246,0
DA:248,0
DA:254,0
DA:261,0
DA:262,0
DA:263,0
DA:264,0
DA:266,0
DA:269,0
DA:270,0
DA:274,0
DA:275,0
DA:276,0
DA:278,0
DA:282,0
DA:286,0
DA:297,0
DA:298,0
DA:299,0
DA:300,0
DA:302,0
DA:318,0
DA:319,0
DA:320,0
DA:322,0
DA:323,0
DA:324,0
DA:325,0
DA:327,0
DA:347,0
DA:348,0
DA:349,0
DA:350,0
DA:353,0
DA:354,0
DA:355,0
DA:356,0
DA:358,0
DA:362,0
DA:363,0
DA:371,0
DA:372,0
DA:373,0
DA:377,0
DA:378,0
DA:379,0
DA:380,0
DA:382,0
DA:383,0
DA:388,0
DA:389,0
DA:394,0
DA:396,0
DA:401,0
DA:403,0
DA:404,0
DA:411,0
DA:412,0
DA:416,0
DA:426,0
DA:427,0
DA:430,0
DA:431,0
DA:432,0
DA:435,0
DA:436,0
DA:437,0
DA:441,0
DA:443,0
DA:448,0
DA:449,0
DA:454,0
DA:455,0
DA:458,0
DA:464,0
DA:467,0
DA:471,0
DA:472,0
DA:473,0
DA:476,0
DA:483,0
DA:491,0
DA:492,0
DA:493,0
DA:503,0
DA:510,0
DA:518,0
DA:519,0
DA:522,0
DA:523,0
DA:524,0
DA:529,0
DA:535,0
DA:542,0
LF:164
LH:0
BRDA:147,0,0,0
BRDA:147,0,1,0
BRDA:147,0,2,0
BRDA:147,0,3,0
BRDA:151,1,0,0
BRDA:151,1,1,0
BRDA:167,2,0,0
BRDA:167,2,1,0
BRDA:179,3,0,0
BRDA:179,3,1,0
BRDA:205,4,0,0
BRDA:205,4,1,0
BRDA:205,5,0,0
BRDA:205,5,1,0
BRDA:209,6,0,0
BRDA:209,6,1,0
BRDA:264,7,0,0
BRDA:264,7,1,0
BRDA:269,8,0,0
BRDA:269,8,1,0
BRDA:275,9,0,0
BRDA:275,9,1,0
BRDA:340,10,0,0
BRDA:353,11,0,0
BRDA:353,11,1,0
BRDA:358,12,0,0
BRDA:358,12,1,0
BRDA:362,13,0,0
BRDA:362,13,1,0
BRDA:365,14,0,0
BRDA:365,14,1,0
BRDA:371,15,0,0
BRDA:371,15,1,0
BRDA:373,16,0,0
BRDA:373,16,1,0
BRDA:379,17,0,0
BRDA:379,17,1,0
BRDA:385,18,0,0
BRDA:385,18,1,0
BRDA:389,19,0,0
BRDA:389,19,1,0
BRDA:396,20,0,0
BRDA:396,20,1,0
BRDA:401,21,0,0
BRDA:401,21,1,0
BRDA:406,22,0,0
BRDA:406,22,1,0
BRDA:418,23,0,0
BRDA:418,23,1,0
BRDA:431,24,0,0
BRDA:431,24,1,0
BRDA:448,25,0,0
BRDA:448,25,1,0
BRDA:454,26,0,0
BRDA:454,26,1,0
BRDA:467,27,0,0
BRDA:467,27,1,0
BRDA:471,28,0,0
BRDA:471,28,1,0
BRDA:491,29,0,0
BRDA:491,29,1,0
BRDA:522,30,0,0
BRDA:522,30,1,0
BRF:63
BRH:0
end_of_record
TN:
SF:backend/services/notificationService.ts
FN:32,isActiveNotification
FN:48,(anonymous_1)
FN:58,(anonymous_2)
FN:67,(anonymous_3)
FN:74,(anonymous_4)
FN:75,(anonymous_5)
FN:83,(anonymous_6)
FN:101,(anonymous_7)
FN:108,(anonymous_8)
FN:124,(anonymous_9)
FN:146,(anonymous_10)
FN:166,(anonymous_11)
FN:181,(anonymous_12)
FN:185,(anonymous_13)
FNF:14
FNH:0
FNDA:0,isActiveNotification
FNDA:0,(anonymous_1)
FNDA:0,(anonymous_2)
FNDA:0,(anonymous_3)
FNDA:0,(anonymous_4)
FNDA:0,(anonymous_5)
FNDA:0,(anonymous_6)
FNDA:0,(anonymous_7)
FNDA:0,(anonymous_8)
FNDA:0,(anonymous_9)
FNDA:0,(anonymous_10)
FNDA:0,(anonymous_11)
FNDA:0,(anonymous_12)
FNDA:0,(anonymous_13)
DA:33,0
DA:35,0
DA:36,0
DA:39,0
DA:41,0
DA:43,0
DA:47,0
DA:49,0
DA:50,0
DA:51,0
DA:57,0
DA:58,0
DA:63,0
DA:71,0
DA:72,0
DA:74,0
DA:75,0
DA:79,0
DA:84,0
DA:85,0
DA:89,0
DA:92,0
DA:93,0
DA:97,0
DA:102,0
DA:103,0
DA:104,0
DA:105,0
DA:107,0
DA:108,0
DA:109,0
DA:113,0
DA:114,0
DA:118,0
DA:120,0
DA:129,0
DA:130,0
DA:135,0
DA:142,0
DA:147,0
DA:149,0
DA:153,0
DA:160,0
DA:162,0
DA:170,0
DA:171,0
DA:175,0
DA:177,0
DA:182,0
DA:183,0
DA:185,0
DA:187,0
LF:52
LH:0
BRDA:33,0,0,0
BRDA:33,0,1,0
BRDA:33,0,2,0
BRDA:33,0,3,0
BRDA:33,0,4,0
BRF:5
BRH:0
end_of_record
TN:
SF:backend/services/postService.ts
FN:38,(anonymous_0)
FN:84,(anonymous_1)
FN:87,(anonymous_2)
FN:88,(anonymous_3)
FN:114,(anonymous_4)
FN:119,(anonymous_5)
FN:128,(anonymous_6)
FN:140,(anonymous_7)
FN:172,(anonymous_8)
FN:174,(anonymous_9)
FN:189,(anonymous_10)
FN:202,(anonymous_11)
FN:228,(anonymous_12)
FN:274,(anonymous_13)
FN:289,(anonymous_14)
FN:321,(anonymous_15)
FN:340,(anonymous_16)
FN:368,(anonymous_17)
FNF:18
FNH:0
FNDA:0,(anonymous_0)
FNDA:0,(anonymous_1)
FNDA:0,(anonymous_2)
FNDA:0,(anonymous_3)
FNDA:0,(anonymous_4)
FNDA:0,(anonymous_5)
FNDA:0,(anonymous_6)
FNDA:0,(anonymous_7)
FNDA:0,(anonymous_8)
FNDA:0,(anonymous_9)
FNDA:0,(anonymous_10)
FNDA:0,(anonymous_11)
FNDA:0,(anonymous_12)
FNDA:0,(anonymous_13)
FNDA:0,(anonymous_14)
FNDA:0,(anonymous_15)
FNDA:0,(anonymous_16)
FNDA:0,(anonymous_17)
DA:35,0
DA:44,0
DA:46,0
DA:49,0
DA:84,0
DA:87,0
DA:88,0
DA:89,0
DA:90,0
DA:113,0
DA:114,0
DA:118,0
DA:119,0
DA:122,0
DA:123,0
DA:124,0
DA:129,0
DA:131,0
DA:132,0
DA:138,0
DA:139,0
DA:141,0
DA:151,0
DA:155,0
DA:156,0
DA:158,0
DA:163,0
DA:164,0
DA:167,0
DA:168,0
DA:171,0
DA:172,0
DA:174,0
DA:176,0
DA:177,0
DA:178,0
DA:182,0
DA:188,0
DA:189,0
DA:190,0
DA:191,0
DA:202,0
DA:203,0
DA:205,0
DA:207,0
DA:208,0
DA:210,0
DA:211,0
DA:213,0
DA:214,0
DA:216,0
DA:219,0
DA:222,0
DA:224,0
DA:229,0
DA:230,0
DA:231,0
DA:233,0
DA:235,0
DA:236,0
DA:237,0
DA:240,0
DA:241,0
DA:242,0
DA:244,0
DA:246,0
DA:253,0
DA:255,0
DA:262,0
DA:269,0
DA:270,0
DA:275,0
DA:276,0
DA:277,0
DA:279,0
DA:281,0
DA:282,0
DA:284,0
DA:285,0
DA:298,0
DA:299,0
DA:303,0
DA:328,0
DA:329,0
DA:344,0
DA:345,0
DA:346,0
DA:348,0
DA:349,0
DA:353,0
DA:354,0
DA:355,0
DA:358,0
DA:363,0
DA:364,0
DA:369,0
DA:370,0
DA:371,0
DA:373,0
DA:374,0
DA:378,0
DA:379,0
DA:380,0
DA:384,0
DA:385,0
DA:386,0
DA:387,0
DA:389,0
DA:394,0
DA:396,0
DA:397,0
LF:111
LH:0
BRDA:40,0,0,0
BRDA:41,1,0,0
BRDA:46,2,0,0
BRDA:46,2,1,0
BRDA:60,3,0,0
BRDA:60,3,1,0
BRDA:95,4,0,0
BRDA:95,4,1,0
BRDA:96,5,0,0
BRDA:96,5,1,0
BRDA:97,6,0,0
BRDA:97,6,1,0
BRDA:99,7,0,0
BRDA:99,7,1,0
BRDA:100,8,0,0
BRDA:100,8,1,0
BRDA:101,9,0,0
BRDA:101,9,1,0
BRDA:102,10,0,0
BRDA:102,10,1,0
BRDA:103,11,0,0
BRDA:103,11,1,0
BRDA:104,12,0,0
BRDA:104,12,1,0
BRDA:105,13,0,0
BRDA:105,13,1,0
BRDA:106,14,0,0
BRDA:106,14,1,0
BRDA:107,15,0,0
BRDA:107,15,1,0
BRDA:131,16,0,0
BRDA:131,16,1,0
BRDA:144,17,0,0
BRDA:144,17,1,0
BRDA:145,18,0,0
BRDA:145,18,1,0
BRDA:146,19,0,0
BRDA:146,19,1,0
BRDA:147,20,0,0
BRDA:147,20,1,0
BRDA:156,21,0,0
BRDA:156,21,1,0
BRDA:167,22,0,0
BRDA:167,22,1,0
BRDA:168,23,0,0
BRDA:168,23,1,0
BRDA:178,24,0,0
BRDA:178,24,1,0
BRDA:194,25,0,0
BRDA:194,25,1,0
BRDA:195,26,0,0
BRDA:195,26,1,0
BRDA:196,27,0,0
BRDA:196,27,1,0
BRDA:197,28,0,0
BRDA:197,28,1,0
BRDA:205,29,0,0
BRDA:205,29,1,0
BRDA:205,29,2,0
BRDA:205,29,3,0
BRDA:233,30,0,0
BRDA:233,30,1,0
BRDA:236,31,0,0
BRDA:236,31,1,0
BRDA:244,32,0,0
BRDA:244,32,1,0
BRDA:248,33,0,0
BRDA:248,33,1,0
BRDA:249,34,0,0
BRDA:249,34,1,0
BRDA:249,34,2,0
BRDA:253,35,0,0
BRDA:253,35,1,0
BRDA:279,36,0,0
BRDA:279,36,1,0
BRDA:282,37,0,0
BRDA:282,37,1,0
BRDA:296,38,0,0
BRDA:299,39,0,0
BRDA:299,39,1,0
BRDA:316,40,0,0
BRDA:316,40,1,0
BRDA:348,41,0,0
BRDA:348,41,1,0
BRDA:354,42,0,0
BRDA:354,42,1,0
BRDA:373,43,0,0
BRDA:373,43,1,0
BRDA:379,44,0,0
BRDA:379,44,1,0
BRDA:384,45,0,0
BRDA:384,45,1,0
BRF:92
BRH:0
end_of_record
TN:
SF:backend/services/registrationService.ts
FN:16,(anonymous_0)
FN:33,(anonymous_1)
FN:42,(anonymous_2)
FN:68,(anonymous_3)
FN:95,(anonymous_4)
FN:104,(anonymous_5)
FNF:6
FNH:0
FNDA:0,(anonymous_0)
FNDA:0,(anonymous_1)
FNDA:0,(anonymous_2)
FNDA:0,(anonymous_3)
FNDA:0,(anonymous_4)
FNDA:0,(anonymous_5)
DA:13,0
DA:15,0
DA:17,0
DA:29,0
DA:30,0
DA:34,0
DA:35,0
DA:37,0
DA:38,0
DA:42,0
DA:44,0
DA:47,0
DA:49,0
DA:50,0
DA:52,0
DA:54,0
DA:56,0
DA:59,0
DA:63,0
DA:65,0
DA:69,0
DA:70,0
DA:72,0
DA:74,0
DA:77,0
DA:96,0
DA:97,0
DA:99,0
DA:100,0
DA:105,0
DA:113,0
DA:116,0
DA:131,0
DA:134,0
DA:136,0
DA:137,0
LF:36
LH:0
BRDA:18,0,0,0
BRDA:18,0,1,0
BRDA:24,1,0,0
BRDA:24,1,1,0
BRDA:37,2,0,0
BRDA:37,2,1,0
BRDA:44,3,0,0
BRDA:44,3,1,0
BRDA:47,4,0,0
BRDA:47,4,1,0
BRDA:49,5,0,0
BRDA:49,5,1,0
BRDA:52,6,0,0
BRDA:52,6,1,0
BRDA:52,7,0,0
BRDA:52,7,1,0
BRDA:52,7,2,0
BRDA:72,8,0,0
BRDA:72,8,1,0
BRDA:80,9,0,0
BRDA:80,9,1,0
BRDA:84,10,0,0
BRDA:84,10,1,0
BRDA:87,11,0,0
BRDA:87,11,1,0
BRDA:88,12,0,0
BRDA:88,12,1,0
BRDA:122,13,0,0
BRDA:122,13,1,0
BRDA:124,14,0,0
BRDA:124,14,1,0
BRF:31
BRH:0
end_of_record
TN:
SF:backend/services/routineServices.ts
FN:41,(anonymous_0)
FN:48,(anonymous_1)
FN:62,(anonymous_2)
FN:67,(anonymous_3)
FN:70,(anonymous_4)
FN:81,(anonymous_5)
FN:88,(anonymous_6)
FN:93,(anonymous_7)
FN:119,(anonymous_8)
FN:122,(anonymous_9)
FN:141,(anonymous_10)
FN:142,(anonymous_11)
FN:201,(anonymous_12)
FN:224,(anonymous_13)
FN:251,(anonymous_14)
FN:266,(anonymous_15)
FN:284,(anonymous_16)
FN:301,(anonymous_17)
FN:320,(anonymous_18)
FN:362,(anonymous_19)
FN:371,(anonymous_20)
FN:379,(anonymous_21)
FN:438,(anonymous_22)
FN:450,(anonymous_23)
FN:474,(anonymous_24)
FN:509,(anonymous_25)
FN:523,(anonymous_26)
FN:545,(anonymous_27)
FN:586,(anonymous_28)
FN:603,(anonymous_29)
FN:611,(anonymous_30)
FN:615,(anonymous_31)
FN:617,(anonymous_32)
FN:646,(anonymous_33)
FN:648,(anonymous_34)
FN:665,(anonymous_35)
FN:684,(anonymous_36)
FN:700,(anonymous_37)
FN:713,(anonymous_38)
FN:733,(anonymous_39)
FN:768,(anonymous_40)
FN:788,(anonymous_41)
FN:794,(anonymous_42)
FN:795,(anonymous_43)
FN:797,(anonymous_44)
FN:843,(anonymous_45)
FN:854,(anonymous_46)
FN:868,isConsecutiveDay
FNF:48
FNH:0
FNDA:0,(anonymous_0)
FNDA:0,(anonymous_1)
FNDA:0,(anonymous_2)
FNDA:0,(anonymous_3)
FNDA:0,(anonymous_4)
FNDA:0,(anonymous_5)
FNDA:0,(anonymous_6)
FNDA:0,(anonymous_7)
FNDA:0,(anonymous_8)
FNDA:0,(anonymous_9)
FNDA:0,(anonymous_10)
FNDA:0,(anonymous_11)
FNDA:0,(anonymous_12)
FNDA:0,(anonymous_13)
FNDA:0,(anonymous_14)
FNDA:0,(anonymous_15)
FNDA:0,(anonymous_16)
FNDA:0,(anonymous_17)
FNDA:0,(anonymous_18)
FNDA:0,(anonymous_19)
FNDA:0,(anonymous_20)
FNDA:0,(anonymous_21)
FNDA:0,(anonymous_22)
FNDA:0,(anonymous_23)
FNDA:0,(anonymous_24)
FNDA:0,(anonymous_25)
FNDA:0,(anonymous_26)
FNDA:0,(anonymous_27)
FNDA:0,(anonymous_28)
FNDA:0,(anonymous_29)
FNDA:0,(anonymous_30)
FNDA:0,(anonymous_31)
FNDA:0,(anonymous_32)
FNDA:0,(anonymous_33)
FNDA:0,(anonymous_34)
FNDA:0,(anonymous_35)
FNDA:0,(anonymous_36)
FNDA:0,(anonymous_37)
FNDA:0,(anonymous_38)
FNDA:0,(anonymous_39)
FNDA:0,(anonymous_40)
FNDA:0,(anonymous_41)
FNDA:0,(anonymous_42)
FNDA:0,(anonymous_43)
FNDA:0,(anonymous_44)
FNDA:0,(anonymous_45)
FNDA:0,(anonymous_46)
FNDA:0,isConsecutiveDay
DA:41,0
DA:42,0
DA:45,0
DA:47,0
DA:49,0
DA:52,0
DA:53,0
DA:57,0
DA:64,0
DA:68,0
DA:69,0
DA:71,0
DA:72,0
DA:73,0
DA:74,0
DA:81,0
DA:83,0
DA:84,0
DA:90,0
DA:100,0
DA:101,0
DA:102,0
DA:104,0
DA:105,0
DA:108,0
DA:111,0
DA:117,0
DA:118,0
DA:119,0
DA:121,0
DA:122,0
DA:124,0
DA:126,0
DA:137,0
DA:141,0
DA:142,0
DA:143,0
DA:151,0
DA:155,0
DA:158,0
DA:161,0
DA:162,0
DA:163,0
DA:164,0
DA:165,0
DA:167,0
DA:168,0
DA:174,0
DA:186,0
DA:187,0
DA:192,0
DA:196,0
DA:197,0
DA:205,0
DA:206,0
DA:207,0
DA:210,0
DA:211,0
DA:213,0
DA:216,0
DA:224,0
DA:237,0
DA:243,0
DA:246,0
DA:249,0
DA:250,0
DA:252,0
DA:266,0
DA:274,0
DA:279,0
DA:280,0
DA:285,0
DA:286,0
DA:287,0
DA:289,0
DA:290,0
DA:293,0
DA:295,0
DA:296,0
DA:300,0
DA:301,0
DA:304,0
DA:306,0
DA:308,0
DA:309,0
DA:310,0
DA:320,0
DA:337,0
DA:341,0
DA:344,0
DA:345,0
DA:351,0
DA:354,0
DA:356,0
DA:358,0
DA:363,0
DA:364,0
DA:369,0
DA:370,0
DA:371,0
DA:374,0
DA:375,0
DA:380,0
DA:381,0
DA:382,0
DA:383,0
DA:386,0
DA:387,0
DA:388,0
DA:390,0
DA:393,0
DA:399,0
DA:416,0
DA:417,0
DA:432,0
DA:434,0
DA:439,0
DA:440,0
DA:441,0
DA:445,0
DA:446,0
DA:455,0
DA:456,0
DA:457,0
DA:459,0
DA:460,0
DA:463,0
DA:466,0
DA:467,0
DA:470,0
DA:473,0
DA:474,0
DA:478,0
DA:480,0
DA:482,0
DA:483,0
DA:485,0
DA:494,0
DA:498,0
DA:503,0
DA:505,0
DA:510,0
DA:511,0
DA:512,0
DA:514,0
DA:516,0
DA:518,0
DA:519,0
DA:528,0
DA:529,0
DA:530,0
DA:532,0
DA:533,0
DA:536,0
DA:537,0
DA:539,0
DA:545,0
DA:546,0
DA:547,0
DA:550,0
DA:551,0
DA:553,0
DA:556,0
DA:564,0
DA:565,0
DA:574,0
DA:577,0
DA:580,0
DA:582,0
DA:587,0
DA:588,0
DA:589,0
DA:591,0
DA:592,0
DA:598,0
DA:599,0
DA:601,0
DA:602,0
DA:603,0
DA:610,0
DA:611,0
DA:615,0
DA:616,0
DA:617,0
DA:623,0
DA:624,0
DA:628,0
DA:629,0
DA:646,0
DA:648,0
DA:659,0
DA:661,0
DA:669,0
DA:670,0
DA:671,0
DA:672,0
DA:674,0
DA:677,0
DA:678,0
DA:680,0
DA:683,0
DA:685,0
DA:689,0
DA:690,0
DA:694,0
DA:699,0
DA:701,0
DA:713,0
DA:727,0
DA:728,0
DA:738,0
DA:739,0
DA:742,0
DA:743,0
DA:751,0
DA:754,0
DA:755,0
DA:761,0
DA:763,0
DA:764,0
DA:769,0
DA:770,0
DA:771,0
DA:773,0
DA:774,0
DA:777,0
DA:778,0
DA:781,0
DA:788,0
DA:794,0
DA:795,0
DA:796,0
DA:797,0
DA:803,0
DA:804,0
DA:806,0
DA:807,0
DA:808,0
DA:809,0
DA:813,0
DA:814,0
DA:815,0
DA:816,0
DA:819,0
DA:824,0
DA:838,0
DA:839,0
DA:844,0
DA:845,0
DA:846,0
DA:850,0
DA:855,0
DA:856,0
DA:857,0
DA:861,0
DA:869,0
DA:870,0
DA:873,0
LF:258
LH:0
BRDA:52,0,0,0
BRDA:52,0,1,0
BRDA:72,1,0,0
BRDA:72,1,1,0
BRDA:104,2,0,0
BRDA:104,2,1,0
BRDA:117,3,0,0
BRDA:117,3,1,0
BRDA:118,4,0,0
BRDA:118,4,1,0
BRDA:124,5,0,0
BRDA:124,5,1,0
BRDA:131,6,0,0
BRDA:131,6,1,0
BRDA:134,7,0,0
BRDA:134,7,1,0
BRDA:134,7,2,0
BRDA:142,8,0,0
BRDA:142,8,1,0
BRDA:146,9,0,0
BRDA:146,9,1,0
BRDA:162,10,0,0
BRDA:162,10,1,0
BRDA:164,11,0,0
BRDA:164,11,1,0
BRDA:206,12,0,0
BRDA:206,12,1,0
BRDA:213,13,0,0
BRDA:213,13,1,0
BRDA:213,13,2,0
BRDA:222,14,0,0
BRDA:222,14,1,0
BRDA:224,15,0,0
BRDA:224,15,1,0
BRDA:227,16,0,0
BRDA:227,16,1,0
BRDA:231,17,0,0
BRDA:231,17,1,0
BRDA:232,18,0,0
BRDA:232,18,1,0
BRDA:237,19,0,0
BRDA:237,19,1,0
BRDA:238,20,0,0
BRDA:238,20,1,0
BRDA:238,20,2,0
BRDA:238,20,3,0
BRDA:249,21,0,0
BRDA:249,21,1,0
BRDA:268,22,0,0
BRDA:268,22,1,0
BRDA:269,23,0,0
BRDA:269,23,1,0
BRDA:270,24,0,0
BRDA:270,24,1,0
BRDA:289,25,0,0
BRDA:289,25,1,0
BRDA:295,26,0,0
BRDA:295,26,1,0
BRDA:304,27,0,0
BRDA:304,27,1,0
BRDA:319,28,0,0
BRDA:319,28,1,0
BRDA:322,29,0,0
BRDA:322,29,1,0
BRDA:323,30,0,0
BRDA:323,30,1,0
BRDA:324,31,0,0
BRDA:324,31,1,0
BRDA:387,32,0,0
BRDA:387,32,1,0
BRDA:459,33,0,0
BRDA:459,33,1,0
BRDA:466,34,0,0
BRDA:466,34,1,0
BRDA:480,35,0,0
BRDA:480,35,1,0
BRDA:514,36,0,0
BRDA:514,36,1,0
BRDA:532,37,0,0
BRDA:532,37,1,0
BRDA:540,38,0,0
BRDA:540,38,1,0
BRDA:542,39,0,0
BRDA:542,39,1,0
BRDA:546,40,0,0
BRDA:546,40,1,0
BRDA:593,41,0,0
BRDA:593,41,1,0
BRDA:595,42,0,0
BRDA:595,42,1,0
BRDA:599,43,0,0
BRDA:599,43,1,0
BRDA:602,44,0,0
BRDA:602,44,1,0
BRDA:624,45,0,0
BRDA:624,45,1,0
BRDA:628,46,0,0
BRDA:628,46,1,0
BRDA:632,47,0,0
BRDA:632,47,1,0
BRDA:643,48,0,0
BRDA:643,48,1,0
BRDA:644,49,0,0
BRDA:644,49,1,0
BRDA:646,50,0,0
BRDA:646,50,1,0
BRDA:672,51,0,0
BRDA:672,51,1,0
BRDA:680,52,0,0
BRDA:680,52,1,0
BRDA:680,52,2,0
BRDA:685,53,0,0
BRDA:685,53,1,0
BRDA:689,54,0,0
BRDA:689,54,1,0
BRDA:712,55,0,0
BRDA:712,55,1,0
BRDA:717,56,0,0
BRDA:717,56,1,0
BRDA:773,57,0,0
BRDA:773,57,1,0
BRDA:782,58,0,0
BRDA:782,58,1,0
BRDA:784,59,0,0
BRDA:784,59,1,0
BRDA:790,60,0,0
BRDA:790,60,1,0
BRDA:803,61,0,0
BRDA:803,61,1,0
BRDA:804,62,0,0
BRDA:804,62,1,0
BRDA:806,63,0,0
BRDA:806,63,1,0
BRDA:807,64,0,0
BRDA:807,64,1,0
BRDA:813,65,0,0
BRDA:813,65,1,0
BRDA:815,66,0,0
BRDA:815,66,1,0
BRDA:826,67,0,0
BRDA:826,67,1,0
BRDA:831,68,0,0
BRDA:831,68,1,0
BRDA:834,69,0,0
BRDA:834,69,1,0
BRDA:835,70,0,0
BRDA:835,70,1,0
BRF:147
BRH:0
end_of_record
TN:
SF:backend/services/storage-service.ts
FN:5,(anonymous_0)
FNF:1
FNH:0
FNDA:0,(anonymous_0)
DA:4,0
DA:7,0
DA:14,0
DA:15,0
DA:18,0
DA:19,0
DA:21,0
DA:22,0
DA:24,0
DA:32,0
DA:35,0
LF:11
LH:0
BRDA:21,0,0,0
BRDA:21,0,1,0
BRF:2
BRH:0
end_of_record
TN:
SF:backend/services/streakService.ts
FN:5,isConsecutiveDay
FN:17,(anonymous_1)
FN:40,(anonymous_2)
FN:79,(anonymous_3)
FN:93,(anonymous_4)
FN:117,(anonymous_5)
FN:121,(anonymous_6)
FNF:7
FNH:0
FNDA:0,isConsecutiveDay
FNDA:0,(anonymous_1)
FNDA:0,(anonymous_2)
FNDA:0,(anonymous_3)
FNDA:0,(anonymous_4)
FNDA:0,(anonymous_5)
FNDA:0,(anonymous_6)
DA:9,0
DA:10,0
DA:13,0
DA:16,0
DA:18,0
DA:19,0
DA:20,0
DA:22,0
DA:23,0
DA:25,0
DA:26,0
DA:27,0
DA:30,0
DA:31,0
DA:34,0
DA:36,0
DA:41,0
DA:42,0
DA:43,0
DA:44,0
DA:48,0
DA:51,0
DA:52,0
DA:54,0
DA:55,0
DA:61,0
DA:64,0
DA:65,0
DA:68,0
DA:75,0
DA:80,0
DA:81,0
DA:82,0
DA:89,0
DA:94,0
DA:95,0
DA:96,0
DA:98,0
DA:99,0
DA:101,0
DA:102,0
DA:103,0
DA:106,0
DA:107,0
DA:110,0
DA:112,0
DA:113,0
LF:47
LH:0
BRDA:7,0,0,0
BRDA:20,1,0,0
BRDA:20,1,1,0
BRDA:23,2,0,0
BRDA:23,2,1,0
BRDA:26,3,0,0
BRDA:26,3,1,0
BRDA:30,4,0,0
BRDA:30,4,1,0
BRDA:44,5,0,0
BRDA:44,5,1,0
BRDA:48,6,0,0
BRDA:48,6,1,0
BRDA:54,7,0,0
BRDA:54,7,1,0
BRDA:54,8,0,0
BRDA:54,8,1,0
BRDA:64,9,0,0
BRDA:64,9,1,0
BRDA:96,10,0,0
BRDA:96,10,1,0
BRDA:99,11,0,0
BRDA:99,11,1,0
BRDA:102,12,0,0
BRDA:102,12,1,0
BRDA:106,13,0,0
BRDA:106,13,1,0
BRF:27
BRH:0
end_of_record
TN:
SF:backend/services/subscriptionService.ts
FN:21,(anonymous_0)
FN:74,(anonymous_1)
FN:106,(anonymous_2)
FN:130,(anonymous_3)
FN:185,(anonymous_4)
FNF:5
FNH:0
FNDA:0,(anonymous_0)
FNDA:0,(anonymous_1)
FNDA:0,(anonymous_2)
FNDA:0,(anonymous_3)
FNDA:0,(anonymous_4)
DA:20,0
DA:25,0
DA:26,0
DA:30,0
DA:31,0
DA:32,0
DA:36,0
DA:38,0
DA:39,0
DA:41,0
DA:47,0
DA:57,0
DA:70,0
DA:75,0
DA:76,0
DA:77,0
DA:78,0
DA:81,0
DA:82,0
DA:86,0
DA:90,0
DA:97,0
DA:102,0
DA:107,0
DA:108,0
DA:109,0
DA:110,0
DA:112,0
DA:114,0
DA:115,0
DA:116,0
DA:118,0
DA:121,0
DA:124,0
DA:126,0
DA:135,0
DA:136,0
DA:137,0
DA:138,0
DA:141,0
DA:145,0
DA:148,0
DA:150,0
DA:158,0
DA:167,0
DA:181,0
DA:186,0
DA:187,0
DA:188,0
DA:189,0
DA:192,0
DA:196,0
DA:199,0
DA:202,0
DA:213,0
LF:55
LH:0
BRDA:30,0,0,0
BRDA:30,0,1,0
BRDA:38,1,0,0
BRDA:38,1,1,0
BRDA:81,2,0,0
BRDA:81,2,1,0
BRDA:112,3,0,0
BRDA:112,3,1,0
BRDA:115,4,0,0
BRDA:115,4,1,0
BRDA:116,5,0,0
BRDA:116,5,1,0
BRDA:116,6,0,0
BRDA:116,6,1,0
BRDA:141,7,0,0
BRDA:141,7,1,0
BRDA:142,8,0,0
BRDA:142,8,1,0
BRDA:192,9,0,0
BRDA:192,9,1,0
BRDA:193,10,0,0
BRDA:193,10,1,0
BRF:22
BRH:0
end_of_record
TN:
SF:backend/services/taskService.ts
FN:22,(anonymous_0)
FN:36,(anonymous_1)
FN:51,(anonymous_2)
FN:56,(anonymous_3)
FN:63,(anonymous_4)
FN:115,(anonymous_5)
FN:127,(anonymous_6)
FN:141,(anonymous_7)
FN:155,(anonymous_8)
FN:162,(anonymous_9)
FN:167,(anonymous_10)
FN:174,(anonymous_11)
FN:182,(anonymous_12)
FN:189,(anonymous_13)
FN:200,(anonymous_14)
FN:216,(anonymous_15)
FNF:16
FNH:0
FNDA:0,(anonymous_0)
FNDA:0,(anonymous_1)
FNDA:0,(anonymous_2)
FNDA:0,(anonymous_3)
FNDA:0,(anonymous_4)
FNDA:0,(anonymous_5)
FNDA:0,(anonymous_6)
FNDA:0,(anonymous_7)
FNDA:0,(anonymous_8)
FNDA:0,(anonymous_9)
FNDA:0,(anonymous_10)
FNDA:0,(anonymous_11)
FNDA:0,(anonymous_12)
FNDA:0,(anonymous_13)
FNDA:0,(anonymous_14)
FNDA:0,(anonymous_15)
DA:23,0
DA:24,0
DA:30,0
DA:32,0
DA:37,0
DA:38,0
DA:39,0
DA:40,0
DA:41,0
DA:42,0
DA:45,0
DA:47,0
DA:52,0
DA:53,0
DA:54,0
DA:55,0
DA:56,0
DA:59,0
DA:68,0
DA:69,0
DA:70,0
DA:71,0
DA:73,0
DA:74,0
DA:77,0
DA:85,0
DA:88,0
DA:89,0
DA:98,0
DA:99,0
DA:104,0
DA:107,0
DA:109,0
DA:111,0
DA:116,0
DA:117,0
DA:118,0
DA:123,0
DA:128,0
DA:129,0
DA:132,0
DA:133,0
DA:137,0
DA:142,0
DA:143,0
DA:144,0
DA:146,0
DA:153,0
DA:154,0
DA:155,0
DA:158,0
DA:163,0
DA:164,0
DA:165,0
DA:166,0
DA:167,0
DA:170,0
DA:175,0
DA:176,0
DA:180,0
DA:181,0
DA:182,0
DA:185,0
DA:190,0
DA:191,0
DA:192,0
DA:196,0
DA:201,0
DA:202,0
DA:203,0
DA:204,0
DA:205,0
DA:206,0
DA:207,0
DA:210,0
DA:212,0
DA:217,0
DA:218,0
DA:220,0
DA:221,0
DA:222,0
DA:223,0
DA:224,0
DA:225,0
DA:232,0
DA:234,0
DA:239,0
LF:87
LH:0
BRDA:41,0,0,0
BRDA:41,0,1,0
BRDA:71,1,0,0
BRDA:71,1,1,0
BRDA:206,2,0,0
BRDA:206,2,1,0
BRDA:218,3,0,0
BRDA:218,3,1,0
BRDA:224,4,0,0
BRDA:224,4,1,0
BRF:10
BRH:0
end_of_record
TN:
SF:backend/services/userService.ts
FN:23,(anonymous_0)
FN:38,(anonymous_1)
FN:53,(anonymous_2)
FN:57,(anonymous_3)
FN:76,(anonymous_4)
FN:85,(anonymous_5)
FN:94,(anonymous_6)
FN:101,(anonymous_7)
FN:122,(anonymous_8)
FN:141,(anonymous_9)
FN:152,(anonymous_10)
FN:179,(anonymous_11)
FN:185,(anonymous_12)
FN:190,(anonymous_13)
FN:208,(anonymous_14)
FN:226,(anonymous_15)
FN:238,(anonymous_16)
FN:244,(anonymous_17)
FN:260,(anonymous_18)
FN:268,(anonymous_19)
FN:293,(anonymous_20)
FN:307,(anonymous_21)
FN:318,(anonymous_22)
FN:341,(anonymous_23)
FN:342,(anonymous_24)
FNF:25
FNH:0
FNDA:0,(anonymous_0)
FNDA:0,(anonymous_1)
FNDA:0,(anonymous_2)
FNDA:0,(anonymous_3)
FNDA:0,(anonymous_4)
FNDA:0,(anonymous_5)
FNDA:0,(anonymous_6)
FNDA:0,(anonymous_7)
FNDA:0,(anonymous_8)
FNDA:0,(anonymous_9)
FNDA:0,(anonymous_10)
FNDA:0,(anonymous_11)
FNDA:0,(anonymous_12)
FNDA:0,(anonymous_13)
FNDA:0,(anonymous_14)
FNDA:0,(anonymous_15)
FNDA:0,(anonymous_16)
FNDA:0,(anonymous_17)
FNDA:0,(anonymous_18)
FNDA:0,(anonymous_19)
FNDA:0,(anonymous_20)
FNDA:0,(anonymous_21)
FNDA:0,(anonymous_22)
FNDA:0,(anonymous_23)
FNDA:0,(anonymous_24)
DA:22,0
DA:24,0
DA:25,0
DA:27,0
DA:42,0
DA:43,0
DA:44,0
DA:48,0
DA:49,0
DA:54,0
DA:58,0
DA:60,0
DA:61,0
DA:62,0
DA:65,0
DA:67,0
DA:70,0
DA:74,0
DA:75,0
DA:76,0
DA:80,0
DA:84,0
DA:85,0
DA:88,0
DA:92,0
DA:93,0
DA:94,0
DA:98,0
DA:99,0
DA:100,0
DA:102,0
DA:103,0
DA:112,0
DA:113,0
DA:114,0
DA:117,0
DA:118,0
DA:123,0
DA:124,0
DA:125,0
DA:127,0
DA:128,0
DA:131,0
DA:134,0
DA:138,0
DA:141,0
DA:142,0
DA:146,0
DA:148,0
DA:153,0
DA:154,0
DA:155,0
DA:157,0
DA:174,0
DA:175,0
DA:180,0
DA:181,0
DA:182,0
DA:186,0
DA:187,0
DA:191,0
DA:194,0
DA:195,0
DA:196,0
DA:198,0
DA:199,0
DA:204,0
DA:205,0
DA:206,0
DA:208,0
DA:209,0
DA:210,0
DA:216,0
DA:217,0
DA:218,0
DA:219,0
DA:223,0
DA:227,0
DA:228,0
DA:230,0
DA:231,0
DA:237,0
DA:238,0
DA:245,0
DA:246,0
DA:247,0
DA:248,0
DA:250,0
DA:251,0
DA:252,0
DA:253,0
DA:256,0
DA:261,0
DA:262,0
DA:269,0
DA:270,0
DA:271,0
DA:272,0
DA:274,0
DA:275,0
DA:277,0
DA:278,0
DA:281,0
DA:282,0
DA:285,0
DA:286,0
DA:289,0
DA:294,0
DA:295,0
DA:297,0
DA:298,0
DA:299,0
DA:300,0
DA:308,0
DA:309,0
DA:310,0
DA:312,0
DA:314,0
DA:317,0
DA:318,0
DA:329,0
DA:341,0
DA:342,0
DA:343,0
DA:344,0
DA:345,0
DA:346,0
DA:350,0
DA:351,0
DA:352,0
DA:356,0
DA:360,0
DA:362,0
DA:363,0
LF:134
LH:0
BRDA:24,0,0,0
BRDA:24,0,1,0
BRDA:25,1,0,0
BRDA:25,1,1,0
BRDA:62,2,0,0
BRDA:62,2,1,0
BRDA:65,3,0,0
BRDA:65,3,1,0
BRDA:98,4,0,0
BRDA:98,4,1,0
BRDA:99,5,0,0
BRDA:99,5,1,0
BRDA:113,6,0,0
BRDA:113,6,1,0
BRDA:127,7,0,0
BRDA:127,7,1,0
BRDA:134,8,0,0
BRDA:134,8,1,0
BRDA:138,9,0,0
BRDA:138,9,1,0
BRDA:158,10,0,0
BRDA:158,10,1,0
BRDA:159,11,0,0
BRDA:159,11,1,0
BRDA:160,12,0,0
BRDA:160,12,1,0
BRDA:161,13,0,0
BRDA:161,13,1,0
BRDA:162,14,0,0
BRDA:162,14,1,0
BRDA:163,15,0,0
BRDA:163,15,1,0
BRDA:164,16,0,0
BRDA:164,16,1,0
BRDA:165,17,0,0
BRDA:165,17,1,0
BRDA:166,18,0,0
BRDA:166,18,1,0
BRDA:167,19,0,0
BRDA:167,19,1,0
BRDA:168,20,0,0
BRDA:168,20,1,0
BRDA:169,21,0,0
BRDA:169,21,1,0
BRDA:170,22,0,0
BRDA:170,22,1,0
BRDA:171,23,0,0
BRDA:171,23,1,0
BRDA:182,24,0,0
BRDA:182,24,1,0
BRDA:194,25,0,0
BRDA:194,25,1,0
BRDA:204,26,0,0
BRDA:204,26,1,0
BRDA:209,27,0,0
BRDA:209,27,1,0
BRDA:216,28,0,0
BRDA:216,28,1,0
BRDA:218,29,0,0
BRDA:218,29,1,0
BRDA:226,30,0,0
BRDA:228,31,0,0
BRDA:228,31,1,0
BRDA:248,32,0,0
BRDA:248,32,1,0
BRDA:251,33,0,0
BRDA:251,33,1,0
BRDA:272,34,0,0
BRDA:272,34,1,0
BRDA:277,35,0,0
BRDA:277,35,1,0
BRDA:277,36,0,0
BRDA:277,36,1,0
BRDA:281,37,0,0
BRDA:281,37,1,0
BRDA:281,38,0,0
BRDA:281,38,1,0
BRDA:285,39,0,0
BRDA:285,39,1,0
BRDA:297,40,0,0
BRDA:297,40,1,0
BRDA:299,41,0,0
BRDA:299,41,1,0
BRDA:312,42,0,0
BRDA:312,42,1,0
BRDA:320,43,0,0
BRDA:320,43,1,0
BRDA:322,44,0,0
BRDA:322,44,1,0
BRDA:323,45,0,0
BRDA:323,45,1,0
BRDA:324,46,0,0
BRDA:324,46,1,0
BRDA:325,47,0,0
BRDA:325,47,1,0
BRDA:331,48,0,0
BRDA:331,48,1,0
BRDA:335,49,0,0
BRDA:335,49,1,0
BRDA:336,50,0,0
BRDA:336,50,1,0
BRDA:343,51,0,0
BRDA:343,51,1,0
BRDA:344,52,0,0
BRDA:344,52,1,0
BRDA:345,53,0,0
BRDA:345,53,1,0
BRDA:350,54,0,0
BRDA:350,54,1,0
BRDA:362,55,0,0
BRDA:362,55,1,0
BRF:111
BRH:0
end_of_record
TN:
SF:backend/types/Badge.ts
FNF:0
FNH:0
LF:0
LH:0
BRF:0
BRH:0
end_of_record
TN:
SF:backend/types/Challenge.ts
FNF:0
FNH:0
LF:0
LH:0
BRF:0
BRH:0
end_of_record
TN:
SF:backend/types/Friend.ts
FNF:0
FNH:0
LF:0
LH:0
BRF:0
BRH:0
end_of_record
TN:
SF:backend/types/Goal.ts
FNF:0
FNH:0
LF:0
LH:0
BRF:0
BRH:0
end_of_record
TN:
SF:backend/types/Habit.ts
FNF:0
FNH:0
LF:0
LH:0
BRF:0
BRH:0
end_of_record
TN:
SF:backend/types/JournalEntry.tsx
FNF:0
FNH:0
LF:0
LH:0
BRF:0
BRH:0
end_of_record
TN:
SF:backend/types/Level.tsx
FNF:0
FNH:0
LF:0
LH:0
BRF:0
BRH:0
end_of_record
TN:
SF:backend/types/Notification.ts
FNF:0
FNH:0
LF:0
LH:0
BRF:0
BRH:0
end_of_record
TN:
SF:backend/types/Participant.ts
FNF:0
FNH:0
LF:0
LH:0
BRF:0
BRH:0
end_of_record
TN:
SF:backend/types/Post.ts
FNF:0
FNH:0
LF:0
LH:0
BRF:0
BRH:0
end_of_record
TN:
SF:backend/types/Routine.ts
FNF:0
FNH:0
LF:0
LH:0
BRF:0
BRH:0
end_of_record
TN:
SF:backend/types/SharedTypes.ts
FNF:0
FNH:0
LF:0
LH:0
BRF:0
BRH:0
end_of_record
TN:
SF:backend/types/Task.ts
FNF:0
FNH:0
LF:0
LH:0
BRF:0
BRH:0
end_of_record
TN:
SF:backend/types/User.ts
FNF:0
FNH:0
LF:0
LH:0
BRF:0
BRH:0
end_of_record
TN:
SF:backend/types/UserData.ts
FNF:0
FNH:0
LF:0
LH:0
BRF:0
BRH:0
end_of_record
TN:
SF:components/Avatar.tsx
FN:12,(anonymous_0)
FNF:1
FNH:0
FNDA:0,(anonymous_0)
DA:12,0
DA:13,0
DA:15,0
DA:16,0
DA:23,0
DA:31,0
LF:6
LH:0
BRDA:12,0,0,0
BRDA:15,1,0,0
BRDA:15,1,1,0
BRF:3
BRH:0
end_of_record
TN:
SF:components/BadgesGrid.tsx
FN:9,BadgesGrid
FNF:1
FNH:0
FNDA:0,BadgesGrid
DA:10,0
DA:12,0
DA:31,0
LF:3
LH:0
BRF:0
BRH:0
end_of_record
TN:
SF:components/Button.tsx
FN:21,Button
FN:32,(anonymous_1)
FN:45,(anonymous_2)
FN:52,(anonymous_3)
FN:56,(anonymous_4)
FNF:5
FNH:0
FNDA:0,Button
FNDA:0,(anonymous_1)
FNDA:0,(anonymous_2)
FNDA:0,(anonymous_3)
FNDA:0,(anonymous_4)
DA:30,0
DA:32,0
DA:33,0
DA:35,0
DA:37,0
DA:39,0
DA:41,0
DA:45,0
DA:46,0
DA:47,0
DA:49,0
DA:52,0
DA:53,0
DA:56,0
DA:57,0
DA:59,0
DA:61,0
DA:63,0
DA:67,0
DA:108,0
LF:20
LH:0
BRDA:23,0,0,0
BRDA:24,1,0,0
BRDA:26,2,0,0
BRDA:33,3,0,0
BRDA:33,3,1,0
BRDA:33,3,2,0
BRDA:33,3,3,0
BRDA:46,4,0,0
BRDA:46,4,1,0
BRDA:53,5,0,0
BRDA:53,5,1,0
BRDA:57,6,0,0
BRDA:57,6,1,0
BRDA:57,6,2,0
BRDA:81,7,0,0
BRDA:81,7,1,0
BRDA:85,8,0,0
BRDA:85,8,1,0
BRDA:88,9,0,0
BRDA:88,9,1,0
BRDA:97,10,0,0
BRDA:97,10,1,0
BRF:22
BRH:0
end_of_record
TN:
SF:components/Card.tsx
FN:17,Card
FNF:1
FNH:0
FNDA:0,Card
DA:24,0
DA:26,0
DA:36,0
DA:37,0
DA:49,0
DA:56,0
LF:6
LH:0
BRDA:19,0,0,0
BRDA:30,1,0,0
BRDA:30,1,1,0
BRDA:32,2,0,0
BRDA:32,2,1,0
BRDA:36,3,0,0
BRDA:36,3,1,0
BRF:7
BRH:0
end_of_record
TN:
SF:components/CategoryCard.tsx
FN:18,CategoryCard
FNF:1
FNH:0
FNDA:0,CategoryCard
DA:27,0
DA:29,0
DA:62,0
LF:3
LH:0
BRDA:25,0,0,0
BRDA:34,1,0,0
BRDA:34,1,1,0
BRDA:40,2,0,0
BRDA:40,2,1,0
BRDA:46,3,0,0
BRDA:46,3,1,0
BRF:7
BRH:0
end_of_record
TN:
SF:components/CategoryGrid.tsx
FN:18,(anonymous_0)
FN:38,(anonymous_1)
FN:46,(anonymous_2)
FN:55,(anonymous_3)
FN:97,(anonymous_4)
FN:110,(anonymous_5)
FNF:6
FNH:0
FNDA:0,(anonymous_0)
FNDA:0,(anonymous_1)
FNDA:0,(anonymous_2)
FNDA:0,(anonymous_3)
FNDA:0,(anonymous_4)
FNDA:0,(anonymous_5)
DA:18,0
DA:19,0
DA:20,0
DA:21,0
DA:22,0
DA:24,0
DA:25,0
DA:26,0
DA:28,0
DA:29,0
DA:31,0
DA:39,0
DA:46,0
DA:55,0
DA:66,0
DA:97,0
DA:98,0
DA:107,0
DA:110,0
DA:111,0
DA:120,0
LF:21
LH:0
BRDA:18,0,0,0
BRDA:24,1,0,0
BRDA:24,1,1,0
BRDA:26,2,0,0
BRDA:26,2,1,0
BRDA:52,3,0,0
BRDA:52,3,1,0
BRDA:59,4,0,0
BRDA:59,4,1,0
BRDA:107,5,0,0
BRDA:107,5,1,0
BRDA:120,6,0,0
BRDA:120,6,1,0
BRF:13
BRH:0
end_of_record
TN:
SF:components/DatePicker.tsx
FN:20,CustomDatePicker
FN:39,formatDate
FN:48,parseDate
FN:53,(anonymous_3)
FN:58,(anonymous_4)
FN:63,(anonymous_5)
FN:80,(anonymous_6)
FN:86,(anonymous_7)
FN:111,(anonymous_8)
FN:116,(anonymous_9)
FN:127,(anonymous_10)
FN:242,(anonymous_11)
FN:248,(anonymous_12)
FN:257,(anonymous_13)
FN:258,(anonymous_14)
FN:270,(anonymous_15)
FN:274,(anonymous_16)
FN:288,(anonymous_17)
FN:329,(anonymous_18)
FN:330,(anonymous_19)
FN:338,(anonymous_20)
FNF:21
FNH:0
FNDA:0,CustomDatePicker
FNDA:0,formatDate
FNDA:0,parseDate
FNDA:0,(anonymous_3)
FNDA:0,(anonymous_4)
FNDA:0,(anonymous_5)
FNDA:0,(anonymous_6)
FNDA:0,(anonymous_7)
FNDA:0,(anonymous_8)
FNDA:0,(anonymous_9)
FNDA:0,(anonymous_10)
FNDA:0,(anonymous_11)
FNDA:0,(anonymous_12)
FNDA:0,(anonymous_13)
FNDA:0,(anonymous_14)
FNDA:0,(anonymous_15)
FNDA:0,(anonymous_16)
FNDA:0,(anonymous_17)
FNDA:0,(anonymous_18)
FNDA:0,(anonymous_19)
FNDA:0,(anonymous_20)
DA:31,0
DA:32,0
DA:33,0
DA:34,0
DA:35,0
DA:36,0
DA:40,0
DA:49,0
DA:53,0
DA:58,0
DA:63,0
DA:67,0
DA:68,0
DA:69,0
DA:70,0
DA:71,0
DA:72,0
DA:77,0
DA:80,0
DA:81,0
DA:82,0
DA:83,0
DA:86,0
DA:87,0
DA:88,0
DA:90,0
DA:91,0
DA:92,0
DA:93,0
DA:94,0
DA:95,0
DA:96,0
DA:97,0
DA:102,0
DA:103,0
DA:105,0
DA:106,0
DA:111,0
DA:112,0
DA:116,0
DA:117,0
DA:118,0
DA:119,0
DA:120,0
DA:121,0
DA:122,0
DA:127,0
DA:128,0
DA:129,0
DA:130,0
DA:131,0
DA:134,0
DA:139,0
DA:242,0
DA:243,0
DA:244,0
DA:249,0
DA:250,0
DA:251,0
DA:257,0
DA:258,0
DA:263,0
DA:265,0
DA:270,0
DA:274,0
DA:288,0
DA:310,0
DA:329,0
DA:330,0
DA:338,0
LF:70
LH:0
BRDA:28,0,0,0
BRDA:29,1,0,0
BRDA:69,2,0,0
BRDA:69,2,1,0
BRDA:71,3,0,0
BRDA:71,3,1,0
BRDA:81,4,0,0
BRDA:81,4,1,0
BRDA:81,5,0,0
BRDA:81,5,1,0
BRDA:82,6,0,0
BRDA:82,6,1,0
BRDA:82,7,0,0
BRDA:82,7,1,0
BRDA:91,8,0,0
BRDA:91,8,1,0
BRDA:91,9,0,0
BRDA:91,9,1,0
BRDA:96,10,0,0
BRDA:96,10,1,0
BRDA:98,11,0,0
BRDA:98,11,1,0
BRDA:117,12,0,0
BRDA:117,12,1,0
BRDA:117,12,2,0
BRDA:120,13,0,0
BRDA:120,13,1,0
BRDA:129,14,0,0
BRDA:129,14,1,0
BRDA:129,15,0,0
BRDA:129,15,1,0
BRDA:130,16,0,0
BRDA:130,16,1,0
BRDA:169,17,0,0
BRDA:169,17,1,0
BRDA:180,18,0,0
BRDA:180,18,1,0
BRDA:213,19,0,0
BRDA:213,19,1,0
BRDA:235,20,0,0
BRDA:235,20,1,0
BRDA:243,21,0,0
BRDA:243,21,1,0
BRDA:250,22,0,0
BRDA:250,22,1,0
BRDA:263,23,0,0
BRDA:263,23,1,0
BRDA:296,24,0,0
BRDA:296,24,1,0
BRDA:314,25,0,0
BRDA:314,25,1,0
BRDA:322,26,0,0
BRDA:322,26,1,0
BRDA:322,26,2,0
BRDA:336,27,0,0
BRDA:336,27,1,0
BRDA:336,27,2,0
BRDA:346,28,0,0
BRDA:346,28,1,0
BRDA:352,29,0,0
BRDA:352,29,1,0
BRDA:352,29,2,0
BRDA:353,30,0,0
BRDA:353,30,1,0
BRDA:356,31,0,0
BRDA:356,31,1,0
BRF:66
BRH:0
end_of_record
TN:
SF:components/LevelBadge.tsx
FN:10,LevelBadge
FNF:1
FNH:0
FNDA:0,LevelBadge
DA:11,0
DA:13,0
DA:28,0
LF:3
LH:0
BRDA:14,0,0,0
BRDA:14,0,1,0
BRDA:16,1,0,0
BRDA:16,1,1,0
BRDA:18,2,0,0
BRDA:18,2,1,0
BRF:6
BRH:0
end_of_record
TN:
SF:components/LevelProgress.tsx
FN:21,LevelProgress
FNF:1
FNH:0
FNDA:0,LevelProgress
DA:22,0
DA:24,0
DA:27,0
DA:28,0
DA:30,0
DA:32,0
DA:33,0
DA:34,0
DA:35,0
DA:37,0
DA:38,0
DA:41,0
DA:42,0
DA:50,0
DA:93,0
LF:15
LH:0
BRDA:30,0,0,0
BRDA:30,0,1,0
BRDA:35,1,0,0
BRDA:35,1,1,0
BRDA:57,2,0,0
BRDA:57,2,1,0
BRF:6
BRH:0
end_of_record
TN:
SF:components/LoadingSpinner.tsx
FN:4,(anonymous_0)
FNF:1
FNH:0
FNDA:0,(anonymous_0)
DA:4,0
DA:5,0
LF:2
LH:0
BRF:0
BRH:0
end_of_record
TN:
SF:components/PrestigeButton.tsx
FN:8,PrestigeButton
FN:14,(anonymous_1)
FN:18,(anonymous_2)
FN:24,(anonymous_3)
FNF:4
FNH:0
FNDA:0,PrestigeButton
FNDA:0,(anonymous_1)
FNDA:0,(anonymous_2)
FNDA:0,(anonymous_3)
DA:9,0
DA:10,0
DA:11,0
DA:12,0
DA:14,0
DA:15,0
DA:18,0
DA:19,0
DA:20,0
DA:21,0
DA:24,0
DA:25,0
DA:27,0
DA:28,0
DA:29,0
DA:30,0
DA:34,0
DA:36,0
DA:37,0
DA:41,0
DA:43,0
DA:61,0
LF:22
LH:0
BRDA:19,0,0,0
BRDA:19,0,1,0
BRDA:25,1,0,0
BRDA:25,1,1,0
BRDA:25,2,0,0
BRDA:25,2,1,0
BRDA:25,2,2,0
BRDA:30,3,0,0
BRDA:30,3,1,0
BRDA:41,4,0,0
BRDA:41,4,1,0
BRDA:49,5,0,0
BRDA:49,5,1,0
BRF:13
BRH:0
end_of_record
TN:
SF:components/ProgressBar.tsx
FN:18,(anonymous_0)
FNF:1
FNH:0
FNDA:0,(anonymous_0)
DA:18,0
DA:29,0
DA:32,0
DA:39,0
DA:41,0
DA:65,0
LF:6
LH:0
BRDA:23,0,0,0
[...]
FN:194,(anonymous_15)
FN:200,(anonymous_16)
FN:204,(anonymous_17)
FN:211,(anonymous_18)
FN:242,(anonymous_19)
FN:249,(anonymous_20)
FN:287,(anonymous_21)
FN:300,(anonymous_22)
FN:307,(anonymous_23)
FN:318,(anonymous_24)
FN:337,(anonymous_25)
FN:340,(anonymous_26)
FNF:27
FNH:0
FNDA:0,(anonymous_0)
FNDA:0,(anonymous_1)
FNDA:0,(anonymous_2)
FNDA:0,(anonymous_3)
FNDA:0,AuthProvider
FNDA:0,(anonymous_5)
FNDA:0,(anonymous_6)
FNDA:0,(anonymous_7)
FNDA:0,(anonymous_8)
FNDA:0,(anonymous_9)
FNDA:0,(anonymous_10)
FNDA:0,(anonymous_11)
FNDA:0,(anonymous_12)
FNDA:0,(anonymous_13)
FNDA:0,(anonymous_14)
FNDA:0,(anonymous_15)
FNDA:0,(anonymous_16)
FNDA:0,(anonymous_17)
FNDA:0,(anonymous_18)
FNDA:0,(anonymous_19)
FNDA:0,(anonymous_20)
FNDA:0,(anonymous_21)
FNDA:0,(anonymous_22)
FNDA:0,(anonymous_23)
FNDA:0,(anonymous_24)
FNDA:0,(anonymous_25)
FNDA:0,(anonymous_26)
DA:41,0
DA:46,0
DA:51,0
DA:52,0
DA:61,0
DA:67,0
DA:68,0
DA:69,0
DA:70,0
DA:71,0
DA:72,0
DA:73,0
DA:74,0
DA:77,0
DA:80,0
DA:81,0
DA:82,0
DA:83,0
DA:85,0
DA:86,0
DA:89,0
DA:91,0
DA:93,0
DA:95,0
DA:98,0
DA:100,0
DA:102,0
DA:105,0
DA:106,0
DA:110,0
DA:111,0
DA:115,0
DA:119,0
DA:120,0
DA:121,0
DA:123,0
DA:125,0
DA:128,0
DA:132,0
DA:134,0
DA:142,0
DA:143,0
DA:146,0
DA:147,0
DA:149,0
DA:150,0
DA:154,0
DA:155,0
DA:157,0
DA:158,0
DA:163,0
DA:164,0
DA:166,0
DA:167,0
DA:168,0
DA:169,0
DA:171,0
DA:173,0
DA:175,0
DA:176,0
DA:182,0
DA:183,0
DA:186,0
DA:189,0
DA:190,0
DA:191,0
DA:192,0
DA:194,0
DA:201,0
DA:204,0
DA:207,0
DA:208,0
DA:210,0
DA:211,0
DA:214,0
DA:220,0
DA:221,0
DA:222,0
DA:223,0
DA:225,0
DA:226,0
DA:227,0
DA:231,0
DA:232,0
DA:234,0
DA:235,0
DA:240,0
DA:242,0
DA:243,0
DA:244,0
DA:245,0
DA:249,0
DA:250,0
DA:251,0
DA:254,0
DA:255,0
DA:256,0
DA:258,0
DA:259,0
DA:260,0
DA:264,0
DA:265,0
DA:266,0
DA:269,0
DA:275,0
DA:278,0
DA:280,0
DA:281,0
DA:283,0
DA:287,0
DA:288,0
DA:289,0
DA:290,0
DA:291,0
DA:293,0
DA:294,0
DA:296,0
DA:300,0
DA:301,0
DA:302,0
DA:303,0
DA:304,0
DA:305,0
DA:306,0
DA:307,0
DA:313,0
DA:317,0
DA:318,0
DA:329,0
DA:330,0
DA:333,0
DA:337,0
DA:340,0
DA:341,0
DA:343,0
DA:345,0
LF:136
LH:0
BRDA:81,0,0,0
BRDA:81,0,1,0
BRDA:81,1,0,0
BRDA:81,1,1,0
BRDA:81,1,2,0
BRDA:83,2,0,0
BRDA:83,2,1,0
BRDA:93,3,0,0
BRDA:93,3,1,0
BRDA:100,4,0,0
BRDA:100,4,1,0
BRDA:100,5,0,0
BRDA:100,5,1,0
BRDA:123,6,0,0
BRDA:123,6,1,0
BRDA:132,7,0,0
BRDA:132,7,1,0
BRDA:138,8,0,0
BRDA:138,8,1,0
BRDA:149,9,0,0
BRDA:149,9,1,0
BRDA:169,10,0,0
BRDA:169,10,1,0
BRDA:173,11,0,0
BRDA:173,11,1,0
BRDA:182,12,0,0
BRDA:182,12,1,0
BRDA:189,13,0,0
BRDA:189,13,1,0
BRDA:194,14,0,0
BRDA:194,14,1,0
BRDA:207,15,0,0
BRDA:207,15,1,0
BRDA:221,16,0,0
BRDA:221,16,1,0
BRDA:225,17,0,0
BRDA:225,17,1,0
BRDA:243,18,0,0
BRDA:243,18,1,0
BRDA:244,19,0,0
BRDA:244,19,1,0
BRDA:245,20,0,0
BRDA:245,20,1,0
BRDA:254,21,0,0
BRDA:254,21,1,0
BRDA:258,22,0,0
BRDA:258,22,1,0
BRDA:303,23,0,0
BRDA:303,23,1,0
BRDA:307,24,0,0
BRDA:307,24,1,0
BRDA:329,25,0,0
BRDA:329,25,1,0
BRF:53
BRH:0
end_of_record
TN:
SF:context/RoutineContext.tsx
FN:19,RoutineProvider
FN:26,(anonymous_1)
FN:27,(anonymous_2)
FN:31,(anonymous_3)
FN:37,(anonymous_4)
FN:38,(anonymous_5)
FN:41,(anonymous_6)
FN:42,(anonymous_7)
FN:45,(anonymous_8)
FN:46,(anonymous_9)
FN:49,(anonymous_10)
FN:73,(anonymous_11)
FNF:12
FNH:0
FNDA:0,RoutineProvider
FNDA:0,(anonymous_1)
FNDA:0,(anonymous_2)
FNDA:0,(anonymous_3)
FNDA:0,(anonymous_4)
FNDA:0,(anonymous_5)
FNDA:0,(anonymous_6)
FNDA:0,(anonymous_7)
FNDA:0,(anonymous_8)
FNDA:0,(anonymous_9)
FNDA:0,(anonymous_10)
FNDA:0,(anonymous_11)
DA:17,0
DA:20,0
DA:26,0
DA:27,0
DA:28,0
DA:31,0
DA:37,0
DA:38,0
DA:41,0
DA:42,0
DA:45,0
DA:46,0
DA:49,0
DA:50,0
DA:57,0
DA:73,0
DA:74,0
DA:75,0
DA:76,0
DA:78,0
LF:20
LH:0
BRDA:27,0,0,0
BRDA:27,0,1,0
BRDA:75,1,0,0
BRDA:75,1,1,0
BRF:4
BRH:0
end_of_record
TN:
SF:context/TaskContext.tsx
FN:24,TaskProvider
FN:29,(anonymous_1)
FN:35,(anonymous_2)
FN:41,(anonymous_3)
FN:47,(anonymous_4)
FN:57,(anonymous_5)
FN:68,(anonymous_6)
FN:87,(anonymous_7)
FNF:8
FNH:0
FNDA:0,TaskProvider
FNDA:0,(anonymous_1)
FNDA:0,(anonymous_2)
FNDA:0,(anonymous_3)
FNDA:0,(anonymous_4)
FNDA:0,(anonymous_5)
FNDA:0,(anonymous_6)
FNDA:0,(anonymous_7)
DA:22,0
DA:25,0
DA:27,0
DA:29,0
DA:33,0
DA:35,0
DA:39,0
DA:41,0
DA:45,0
DA:48,0
DA:51,0
DA:52,0
DA:55,0
DA:58,0
DA:63,0
DA:68,0
DA:73,0
DA:87,0
DA:88,0
DA:89,0
DA:90,0
DA:92,0
LF:22
LH:0
BRDA:27,0,0,0
BRDA:29,1,0,0
BRDA:29,1,1,0
BRDA:33,2,0,0
BRDA:39,3,0,0
BRDA:45,4,0,0
BRDA:48,5,0,0
BRDA:48,5,1,0
BRDA:51,6,0,0
BRDA:51,6,1,0
BRDA:52,7,0,0
BRDA:52,7,1,0
BRDA:79,8,0,0
BRDA:79,8,1,0
BRDA:79,8,2,0
BRDA:79,8,3,0
BRDA:89,9,0,0
BRDA:89,9,1,0
BRF:18
BRH:0
end_of_record
TN:
SF:context/ThemeContext.tsx
FN:68,(anonymous_0)
FN:73,(anonymous_1)
FN:74,(anonymous_2)
FN:88,(anonymous_3)
FN:119,(anonymous_4)
FNF:5
FNH:0
FNDA:0,(anonymous_0)
FNDA:0,(anonymous_1)
FNDA:0,(anonymous_2)
FNDA:0,(anonymous_3)
FNDA:0,(anonymous_4)
DA:6,0
DA:17,0
DA:60,0
DA:62,0
DA:68,0
DA:69,0
DA:70,0
DA:73,0
DA:74,0
DA:75,0
DA:76,0
DA:77,0
DA:78,0
DA:81,0
DA:84,0
DA:88,0
DA:89,0
DA:90,0
DA:91,0
DA:93,0
DA:98,0
DA:101,0
DA:105,0
DA:119,0
DA:120,0
DA:121,0
DA:122,0
DA:124,0
LF:28
LH:0
BRDA:77,0,0,0
BRDA:77,0,1,0
BRDA:77,1,0,0
BRDA:77,1,1,0
BRDA:98,2,0,0
BRDA:98,2,1,0
BRDA:101,3,0,0
BRDA:101,3,1,0
BRDA:121,4,0,0
BRDA:121,4,1,0
BRF:10
BRH:0
end_of_record
TN:
SF:hooks/useSubscription.ts
FN:5,useSubscription
FN:12,(anonymous_1)
FN:17,(anonymous_2)
FNF:3
FNH:0
FNDA:0,useSubscription
FNDA:0,(anonymous_1)
FNDA:0,(anonymous_2)
DA:6,0
DA:8,0
DA:9,0
DA:10,0
DA:12,0
DA:13,0
DA:14,0
DA:17,0
DA:18,0
DA:21,0
LF:10
LH:0
BRDA:13,0,0,0
BRDA:13,0,1,0
BRDA:14,1,0,0
BRDA:14,1,1,0
BRDA:18,2,0,0
BRDA:18,2,1,0
BRF:6
BRH:0
end_of_record
TN:
SF:hooks/auth/useRegistration.ts
FN:23,(anonymous_0)
FN:25,(anonymous_1)
FN:26,(anonymous_2)
FN:27,(anonymous_3)
FN:28,(anonymous_4)
FN:34,(anonymous_5)
FNF:6
FNH:0
FNDA:0,(anonymous_0)
FNDA:0,(anonymous_1)
FNDA:0,(anonymous_2)
FNDA:0,(anonymous_3)
FNDA:0,(anonymous_4)
FNDA:0,(anonymous_5)
DA:21,0
DA:23,0
DA:25,0
DA:26,0
DA:28,0
DA:34,0
LF:6
LH:0
BRDA:29,0,0,0
BRDA:29,0,1,0
BRF:2
BRH:0
end_of_record
TN:
SF:hooks/auth/useSignIn.ts
FN:21,useSignIn
FN:25,(anonymous_1)
FN:31,(anonymous_2)
FN:140,(anonymous_3)
FN:157,(anonymous_4)
FN:164,(anonymous_5)
FNF:6
FNH:0
FNDA:0,useSignIn
FNDA:0,(anonymous_1)
FNDA:0,(anonymous_2)
FNDA:0,(anonymous_3)
FNDA:0,(anonymous_4)
FNDA:0,(anonymous_5)
DA:22,0
DA:23,0
DA:24,0
DA:25,0
DA:27,0
DA:28,0
DA:30,0
DA:32,0
DA:34,0
DA:36,0
DA:37,0
DA:41,0
DA:42,0
DA:43,0
DA:49,0
DA:56,0
DA:59,0
DA:60,0
DA:63,0
DA:67,0
DA:69,0
DA:77,0
DA:80,0
DA:83,0
DA:85,0
DA:90,0
DA:91,0
DA:94,0
DA:96,0
DA:97,0
DA:99,0
DA:100,0
DA:102,0
DA:103,0
DA:105,0
DA:106,0
DA:108,0
DA:109,0
DA:111,0
DA:113,0
DA:114,0
DA:115,0
DA:117,0
DA:118,0
DA:121,0
DA:122,0
DA:125,0
DA:135,0
DA:137,0
DA:141,0
DA:142,0
DA:149,0
DA:160,0
DA:164,0
LF:54
LH:0
BRDA:36,0,0,0
BRDA:36,0,1,0
BRDA:42,1,0,0
BRDA:42,1,1,0
BRDA:67,2,0,0
BRDA:67,2,1,0
BRDA:67,3,0,0
BRDA:67,3,1,0
BRDA:73,4,0,0
BRDA:73,4,1,0
BRDA:90,5,0,0
BRDA:90,5,1,0
BRDA:94,6,0,0
BRDA:94,6,1,0
BRDA:94,6,2,0
BRDA:94,6,3,0
BRDA:94,6,4,0
BRDA:94,6,5,0
BRDA:113,7,0,0
BRDA:113,7,1,0
BRDA:141,8,0,0
BRDA:141,8,1,0
BRDA:141,9,0,0
BRDA:141,9,1,0
BRF:24
BRH:0
end_of_record
TN:
SF:hooks/queries/useActiveTasks.ts
FN:43,useActiveTasks
FN:52,(anonymous_1)
FN:83,(anonymous_2)
FN:87,(anonymous_3)
FN:102,(anonymous_4)
FN:107,(anonymous_5)
FN:108,(anonymous_6)
FN:117,(anonymous_7)
FN:140,(anonymous_8)
FN:148,(anonymous_9)
FN:154,(anonymous_10)
FN:166,(anonymous_11)
FN:179,(anonymous_12)
FN:197,(anonymous_13)
FN:208,(anonymous_14)
FN:214,(anonymous_15)
FN:240,(anonymous_16)
FN:245,(anonymous_17)
FN:259,(anonymous_18)
FN:263,(anonymous_19)
FN:264,(anonymous_20)
FN:271,(anonymous_21)
FN:279,(anonymous_22)
FN:287,(anonymous_23)
FNF:24
FNH:0
FNDA:0,useActiveTasks
FNDA:0,(anonymous_1)
FNDA:0,(anonymous_2)
FNDA:0,(anonymous_3)
FNDA:0,(anonymous_4)
FNDA:0,(anonymous_5)
FNDA:0,(anonymous_6)
FNDA:0,(anonymous_7)
FNDA:0,(anonymous_8)
FNDA:0,(anonymous_9)
FNDA:0,(anonymous_10)
FNDA:0,(anonymous_11)
FNDA:0,(anonymous_12)
FNDA:0,(anonymous_13)
FNDA:0,(anonymous_14)
FNDA:0,(anonymous_15)
FNDA:0,(anonymous_16)
FNDA:0,(anonymous_17)
FNDA:0,(anonymous_18)
FNDA:0,(anonymous_19)
FNDA:0,(anonymous_20)
FNDA:0,(anonymous_21)
FNDA:0,(anonymous_22)
FNDA:0,(anonymous_23)
DA:36,0
DA:44,0
DA:50,0
DA:53,0
DA:56,0
DA:57,0
DA:58,0
DA:61,0
DA:64,0
DA:67,0
DA:70,0
DA:76,0
DA:80,0
DA:82,0
DA:84,0
DA:85,0
DA:87,0
DA:89,0
DA:102,0
DA:103,0
DA:107,0
DA:108,0
DA:109,0
DA:110,0
DA:113,0
DA:114,0
DA:118,0
DA:119,0
DA:120,0
DA:121,0
DA:124,0
DA:125,0
DA:127,0
DA:129,0
DA:136,0
DA:137,0
DA:140,0
DA:146,0
DA:148,0
DA:153,0
DA:161,0
DA:163,0
DA:164,0
DA:166,0
DA:167,0
DA:168,0
DA:170,0
DA:175,0
DA:176,0
DA:177,0
DA:179,0
DA:180,0
DA:181,0
DA:183,0
DA:190,0
DA:193,0
DA:194,0
DA:198,0
DA:199,0
DA:200,0
DA:206,0
DA:208,0
DA:209,0
DA:210,0
DA:212,0
DA:215,0
DA:216,0
DA:224,0
DA:234,0
DA:238,0
DA:240,0
DA:241,0
DA:243,0
DA:246,0
DA:247,0
DA:253,0
DA:259,0
DA:260,0
DA:261,0
DA:263,0
DA:264,0
DA:269,0
DA:272,0
DA:273,0
DA:281,0
DA:282,0
DA:283,0
DA:284,0
DA:285,0
DA:289,0
DA:290,0
DA:291,0
DA:292,0
DA:296,0
LF:94
LH:0
BRDA:47,0,0,0
BRDA:53,1,0,0
BRDA:53,1,1,0
BRDA:58,2,0,0
BRDA:58,2,1,0
BRDA:109,3,0,0
BRDA:109,3,1,0
BRDA:113,4,0,0
BRDA:113,4,1,0
BRDA:118,5,0,0
BRDA:118,5,1,0
BRDA:120,6,0,0
BRDA:120,6,1,0
BRDA:121,7,0,0
BRDA:121,7,1,0
BRDA:124,8,0,0
BRDA:124,8,1,0
BRDA:136,9,0,0
BRDA:136,9,1,0
BRDA:161,10,0,0
BRDA:161,10,1,0
BRDA:164,11,0,0
BRDA:164,11,1,0
BRDA:167,12,0,0
BRDA:167,12,1,0
BRDA:175,13,0,0
BRDA:175,13,1,0
BRDA:177,14,0,0
BRDA:177,14,1,0
BRDA:180,15,0,0
BRDA:180,15,1,0
BRDA:206,16,0,0
BRDA:206,16,1,0
BRDA:209,17,0,0
BRDA:209,17,1,0
BRDA:215,18,0,0
BRDA:215,18,1,0
BRDA:238,19,0,0
BRDA:238,19,1,0
BRDA:241,20,0,0
BRDA:241,20,1,0
BRDA:246,21,0,0
BRDA:246,21,1,0
BRDA:260,22,0,0
BRDA:260,22,1,0
BRDA:272,23,0,0
BRDA:272,23,1,0
BRF:47
BRH:0
end_of_record
TN:
SF:hooks/queries/useCommunityData.ts
FN:9,useCommunityData
FN:13,(anonymous_1)
FN:18,(anonymous_2)
FN:24,(anonymous_3)
FN:33,(anonymous_4)
FN:53,(anonymous_5)
FNF:6
FNH:0
FNDA:0,useCommunityData
FNDA:0,(anonymous_1)
FNDA:0,(anonymous_2)
FNDA:0,(anonymous_3)
FNDA:0,(anonymous_4)
FNDA:0,(anonymous_5)
DA:10,0
DA:13,0
DA:14,0
DA:15,0
DA:16,0
DA:18,0
DA:21,0
DA:22,0
DA:25,0
DA:31,0
DA:34,0
DA:35,0
DA:37,0
DA:39,0
DA:44,0
DA:53,0
DA:54,0
DA:56,0
DA:58,0
DA:62,0
LF:20
LH:0
BRDA:9,0,0,0
BRDA:14,1,0,0
BRDA:14,1,1,0
BRDA:15,2,0,0
BRDA:15,2,1,0
BRDA:21,3,0,0
BRDA:21,3,1,0
BRDA:34,4,0,0
BRDA:34,4,1,0
BRDA:35,5,0,0
BRDA:35,5,1,0
BRDA:35,5,2,0
BRDA:47,6,0,0
BRDA:47,6,1,0
BRDA:54,7,0,0
BRDA:54,7,1,0
BRF:16
BRH:0
end_of_record
TN:
SF:hooks/queries/useFriends.ts
FN:5,useFriends
FN:8,(anonymous_1)
FNF:2
FNH:0
FNDA:0,useFriends
FNDA:0,(anonymous_1)
DA:6,0
DA:9,0
DA:10,0
LF:3
LH:0
BRDA:9,0,0,0
BRDA:9,0,1,0
BRF:2
BRH:0
end_of_record
TN:
SF:hooks/queries/useHabits.ts
FN:7,useHabits
FN:16,(anonymous_1)
FN:25,(anonymous_2)
FN:27,(anonymous_3)
FN:36,(anonymous_4)
FN:44,(anonymous_5)
FN:51,(anonymous_6)
FN:81,(anonymous_7)
FN:86,(anonymous_8)
FNF:9
FNH:0
FNDA:0,useHabits
FNDA:0,(anonymous_1)
FNDA:0,(anonymous_2)
FNDA:0,(anonymous_3)
FNDA:0,(anonymous_4)
FNDA:0,(anonymous_5)
FNDA:0,(anonymous_6)
FNDA:0,(anonymous_7)
FNDA:0,(anonymous_8)
DA:8,0
DA:14,0
DA:17,0
DA:18,0
DA:25,0
DA:26,0
DA:27,0
DA:28,0
DA:29,0
DA:30,0
DA:34,0
DA:37,0
DA:38,0
DA:43,0
DA:45,0
DA:49,0
DA:50,0
DA:52,0
DA:56,0
DA:58,0
DA:65,0
DA:66,0
DA:67,0
DA:73,0
DA:82,0
DA:84,0
DA:87,0
DA:94,0
LF:28
LH:0
BRDA:11,0,0,0
BRDA:17,1,0,0
BRDA:17,1,1,0
BRDA:28,2,0,0
BRDA:28,2,1,0
BRDA:37,3,0,0
BRDA:37,3,1,0
BRDA:45,4,0,0
BRDA:45,4,1,0
BRDA:49,5,0,0
BRDA:49,5,1,0
BRDA:52,6,0,0
BRDA:52,6,1,0
BRDA:56,7,0,0
BRDA:56,7,1,0
BRDA:76,8,0,0
BRDA:76,8,1,0
BRDA:82,9,0,0
BRDA:82,9,1,0
BRDA:82,10,0,0
BRDA:82,10,1,0
BRDA:86,11,0,0
BRF:22
BRH:0
end_of_record
TN:
SF:hooks/queries/useProfileData.ts
FN:16,useProfileData
FN:22,(anonymous_1)
FN:39,(anonymous_2)
FN:42,(anonymous_3)
FNF:4
FNH:0
FNDA:0,useProfileData
FNDA:0,(anonymous_1)
FNDA:0,(anonymous_2)
FNDA:0,(anonymous_3)
DA:17,0
DA:18,0
DA:20,0
DA:23,0
DA:26,0
DA:27,0
DA:30,0
DA:31,0
DA:32,0
DA:38,0
DA:39,0
DA:41,0
DA:42,0
DA:44,0
DA:48,0
DA:51,0
DA:53,0
LF:17
LH:0
BRDA:23,0,0,0
BRDA:23,0,1,0
BRDA:27,1,0,0
BRDA:27,1,1,0
BRDA:31,2,0,0
BRDA:31,2,1,0
BRDA:31,3,0,0
BRDA:31,3,1,0
BRDA:44,4,0,0
BRDA:44,4,1,0
BRF:10
BRH:0
end_of_record
TN:
SF:hooks/queries/useProgressData.ts
FN:10,useProgressData
FN:15,(anonymous_1)
FN:32,(anonymous_2)
FN:36,(anonymous_3)
FN:45,(anonymous_4)
FN:50,(anonymous_5)
FN:53,(anonymous_6)
FNF:7
FNH:0
FNDA:0,useProgressData
FNDA:0,(anonymous_1)
FNDA:0,(anonymous_2)
FNDA:0,(anonymous_3)
FNDA:0,(anonymous_4)
FNDA:0,(anonymous_5)
FNDA:0,(anonymous_6)
DA:11,0
DA:13,0
DA:16,0
DA:17,0
DA:18,0
DA:19,0
DA:21,0
DA:26,0
DA:33,0
DA:34,0
DA:37,0
DA:38,0
DA:43,0
DA:45,0
DA:48,0
DA:51,0
DA:54,0
DA:58,0
LF:18
LH:0
BRDA:16,0,0,0
BRDA:16,0,1,0
BRDA:18,1,0,0
BRDA:18,1,1,0
BRDA:33,2,0,0
BRDA:33,2,1,0
BRDA:45,3,0,0
BRDA:45,3,1,0
BRF:8
BRH:0
end_of_record
TN:
SF:hooks/queries/useRoutines.ts
FN:9,useRoutines
FN:18,(anonymous_1)
FN:25,(anonymous_2)
FN:29,(anonymous_3)
FN:39,(anonymous_4)
FN:48,(anonymous_5)
FN:58,(anonymous_6)
FN:66,(anonymous_7)
FN:72,(anonymous_8)
FNF:9
FNH:0
FNDA:0,useRoutines
FNDA:0,(anonymous_1)
FNDA:0,(anonymous_2)
FNDA:0,(anonymous_3)
FNDA:0,(anonymous_4)
FNDA:0,(anonymous_5)
FNDA:0,(anonymous_6)
FNDA:0,(anonymous_7)
FNDA:0,(anonymous_8)
DA:10,0
DA:16,0
DA:18,0
DA:24,0
DA:26,0
DA:27,0
DA:30,0
DA:38,0
DA:46,0
DA:49,0
DA:58,0
DA:59,0
DA:61,0
DA:66,0
DA:68,0
DA:69,0
DA:72,0
DA:75,0
LF:18
LH:0
BRDA:13,0,0,0
BRDA:18,1,0,0
BRDA:18,1,1,0
BRDA:26,2,0,0
BRDA:26,2,1,0
BRDA:59,3,0,0
BRDA:59,3,1,0
BRF:7
BRH:0
end_of_record
TN:
SF:hooks/queries/useUserData.ts
FN:11,useUserData
FN:16,(anonymous_1)
FN:18,(anonymous_2)
FN:21,(anonymous_3)
FN:27,(anonymous_4)
FN:33,(anonymous_5)
FNF:6
FNH:0
FNDA:0,useUserData
FNDA:0,(anonymous_1)
FNDA:0,(anonymous_2)
FNDA:0,(anonymous_3)
FNDA:0,(anonymous_4)
FNDA:0,(anonymous_5)
DA:8,0
DA:9,0
DA:12,0
DA:13,0
DA:16,0
DA:17,0
DA:18,0
DA:19,0
DA:22,0
DA:27,0
DA:31,0
DA:34,0
DA:35,0
DA:36,0
DA:41,0
LF:15
LH:0
BRDA:17,0,0,0
BRDA:17,0,1,0
BRDA:34,1,0,0
BRDA:34,1,1,0
BRDA:43,2,0,0
BRDA:43,2,1,0
BRF:6
BRH:0
end_of_record
TN:
SF:hooks/utils/useClientLayoutEffect.ts
FNF:0
FNH:0
DA:4,0
DA:11,0
LF:2
LH:0
BRDA:5,0,0,0
BRDA:5,0,1,0
BRDA:5,0,2,0
BRDA:11,1,0,0
BRDA:11,1,1,0
BRF:5
BRH:0
end_of_record
TN:
SF:lib/auth.tsx
FN:5,(anonymous_0)
FN:8,(anonymous_1)
FN:9,(anonymous_2)
FNF:3
FNH:0
FNDA:0,(anonymous_0)
FNDA:0,(anonymous_1)
FNDA:0,(anonymous_2)
DA:5,0
DA:6,0
DA:8,0
DA:9,0
DA:10,0
DA:14,0
LF:6
LH:0
BRF:0
BRH:0
end_of_record
TN:
SF:lib/react-query.ts
FNF:0
FNH:0
DA:3,0
LF:1
LH:0
BRF:0
BRH:0
end_of_record
TN:
SF:scripts/initializeChallenge.ts
FNF:0
FNH:0
DA:3,0
LF:1
LH:0
BRF:0
BRH:0
end_of_record
TN:
SF:scripts/initializeChallenges.ts
FN:4,initializeChallenges
FNF:1
FNH:0
FNDA:0,initializeChallenges
DA:5,0
DA:6,0
DA:7,0
DA:9,0
DA:14,0
LF:5
LH:0
BRF:0
BRH:0
end_of_record
TN:
SF:scripts/initializeTasks.ts
FN:74,initializeTasks
FN:87,addTaskToUser
FN:102,addTestTask
FNF:3
FNH:0
FNDA:0,initializeTasks
FNDA:0,addTaskToUser
FNDA:0,addTestTask
DA:6,0
DA:75,0
DA:76,0
DA:77,0
DA:78,0
DA:80,0
DA:82,0
DA:88,0
DA:89,0
DA:90,0
DA:93,0
DA:95,0
DA:103,0
DA:105,0
DA:116,0
DA:117,0
DA:120,0
DA:121,0
DA:123,0
DA:125,0
DA:132,0
LF:21
LH:0
BRF:0
BRH:0
end_of_record
TN:
SF:styles/categoryPageStyles.ts
FNF:0
FNH:0
DA:59,0
LF:1
LH:0
BRDA:98,0,0,0
BRDA:98,0,1,0
BRDA:176,1,0,0
BRDA:176,1,1,0
BRDA:211,2,0,0
BRDA:211,2,1,0
BRDA:294,3,0,0
BRDA:294,3,1,0
BRDA:306,4,0,0
BRDA:306,4,1,0
BRDA:379,5,0,0
BRDA:379,5,1,0
BRDA:386,6,0,0
BRDA:386,6,1,0
BRDA:399,7,0,0
BRDA:399,7,1,0
BRF:16
BRH:0
end_of_record
TN:
SF:types/firebase.d.ts
FNF:0
FNH:0
LF:0
LH:0
BRF:0
BRH:0
end_of_record
TN:
SF:utils/authValidation.ts
FN:43,(anonymous_0)
FN:49,(anonymous_1)
FN:157,(anonymous_2)
FN:204,(anonymous_3)
FN:215,(anonymous_4)
FN:224,(anonymous_5)
FNF:6
FNH:0
FNDA:0,(anonymous_0)
FNDA:0,(anonymous_1)
FNDA:0,(anonymous_2)
FNDA:0,(anonymous_3)
FNDA:0,(anonymous_4)
FNDA:0,(anonymous_5)
DA:5,0
DA:6,0
DA:7,0
DA:8,0
DA:9,0
DA:12,0
DA:42,0
DA:45,0
DA:46,0
DA:50,0
DA:51,0
DA:54,0
DA:55,0
DA:65,0
DA:66,0
DA:71,0
DA:74,0
DA:75,0
DA:81,0
DA:82,0
DA:83,0
DA:84,0
DA:87,0
DA:88,0
DA:89,0
DA:90,0
DA:91,0
DA:92,0
DA:95,0
DA:96,0
DA:97,0
DA:98,0
DA:101,0
DA:102,0
DA:103,0
DA:104,0
DA:105,0
DA:109,0
DA:110,0
DA:111,0
DA:115,0
DA:117,0
DA:118,0
DA:120,0
DA:121,0
DA:122,0
DA:125,0
DA:131,0
DA:132,0
DA:133,0
DA:134,0
DA:135,0
DA:136,0
DA:137,0
DA:138,0
DA:139,0
DA:140,0
DA:141,0
DA:142,0
DA:144,0
DA:145,0
DA:148,0
DA:158,0
DA:159,0
DA:160,0
DA:162,0
DA:163,0
DA:166,0
DA:167,0
DA:168,0
DA:171,0
DA:173,0
DA:174,0
DA:176,0
DA:177,0
DA:183,0
DA:184,0
DA:188,0
DA:189,0
DA:197,0
DA:199,0
DA:200,0
DA:205,0
DA:206,0
DA:207,0
DA:208,0
DA:209,0
DA:211,0
DA:216,0
DA:217,0
DA:218,0
DA:220,0
DA:225,0
DA:227,0
DA:229,0
DA:231,0
DA:233,0
DA:235,0
DA:237,0
DA:239,0
DA:241,0
DA:243,0
DA:245,0
DA:247,0
DA:249,0
DA:251,0
LF:106
LH:0
BRDA:54,0,0,0
BRDA:54,0,1,0
BRDA:65,1,0,0
BRDA:65,1,1,0
BRDA:74,2,0,0
BRDA:74,2,1,0
BRDA:87,3,0,0
BRDA:87,3,1,0
BRDA:89,4,0,0
BRDA:89,4,1,0
BRDA:91,5,0,0
BRDA:91,5,1,0
BRDA:92,6,0,0
BRDA:92,6,1,0
BRDA:95,7,0,0
BRDA:95,7,1,0
BRDA:96,8,0,0
BRDA:96,8,1,0
BRDA:97,9,0,0
BRDA:97,9,1,0
BRDA:98,10,0,0
BRDA:98,10,1,0
BRDA:103,11,0,0
BRDA:103,11,1,0
BRDA:109,12,0,0
BRDA:109,12,1,0
BRDA:115,13,0,0
BRDA:115,13,1,0
BRDA:117,14,0,0
BRDA:117,14,1,0
BRDA:120,15,0,0
BRDA:120,15,1,0
BRDA:121,16,0,0
BRDA:121,16,1,0
BRDA:122,17,0,0
BRDA:122,17,1,0
BRDA:131,18,0,0
BRDA:131,18,1,0
BRDA:134,19,0,0
BRDA:134,19,1,0
BRDA:137,20,0,0
BRDA:137,20,1,0
BRDA:140,21,0,0
BRDA:140,21,1,0
BRDA:149,22,0,0
BRDA:149,22,1,0
BRDA:162,23,0,0
BRDA:162,23,1,0
BRDA:162,24,0,0
BRDA:162,24,1,0
BRDA:171,25,0,0
BRDA:171,25,1,0
BRDA:176,26,0,0
BRDA:176,26,1,0
BRDA:188,27,0,0
BRDA:188,27,1,0
BRDA:207,28,0,0
BRDA:207,28,1,0
BRDA:225,29,0,0
BRDA:225,29,1,0
BRDA:225,29,2,0
BRDA:225,29,3,0
BRDA:225,29,4,0
BRDA:225,29,5,0
BRDA:225,29,6,0
BRDA:225,29,7,0
BRDA:225,29,8,0
BRDA:225,29,9,0
BRDA:225,29,10,0
BRDA:225,29,11,0
BRDA:225,29,12,0
BRF:71
BRH:0
end_of_record
TN:
SF:utils/backgroundSync.ts
FN:5,(anonymous_0)
FN:13,(anonymous_1)
FNF:2
FNH:0
FNDA:0,(anonymous_0)
FNDA:0,(anonymous_1)
DA:5,0
DA:6,0
DA:14,0
DA:16,0
DA:18,0
DA:19,0
DA:22,0
LF:7
LH:0
BRDA:16,0,0,0
BRDA:16,0,1,0
BRF:2
BRH:0
end_of_record
TN:
SF:utils/generateId.ts
FN:1,generateId
FNF:1
FNH:0
FNDA:0,generateId
DA:2,0
LF:1
LH:0
BRF:0
BRH:0
end_of_record
TN:
SF:utils/logger.ts
FN:5,truncateObject
FN:16,formatTasksData
FN:28,(anonymous_2)
FN:33,(anonymous_3)
FN:38,(anonymous_4)
FN:43,(anonymous_5)
FN:52,(anonymous_6)
FN:55,(anonymous_7)
FN:58,(anonymous_8)
FN:63,(anonymous_9)
FN:69,(anonymous_10)
FN:74,(anonymous_11)
FN:79,(anonymous_12)
FNF:13
FNH:0
FNDA:0,truncateObject
FNDA:0,formatTasksData
FNDA:0,(anonymous_2)
FNDA:0,(anonymous_3)
FNDA:0,(anonymous_4)
FNDA:0,(anonymous_5)
FNDA:0,(anonymous_6)
FNDA:0,(anonymous_7)
FNDA:0,(anonymous_8)
FNDA:0,(anonymous_9)
FNDA:0,(anonymous_10)
FNDA:0,(anonymous_11)
FNDA:0,(anonymous_12)
DA:3,0
DA:6,0
DA:7,0
DA:9,0
DA:17,0
DA:19,0
DA:28,0
DA:33,0
DA:38,0
DA:43,0
DA:51,0
DA:53,0
DA:56,0
DA:59,0
DA:60,0
DA:64,0
DA:65,0
DA:70,0
DA:71,0
DA:75,0
DA:76,0
DA:80,0
DA:81,0
LF:23
LH:0
BRDA:5,0,0,0
BRDA:7,1,0,0
BRDA:7,1,1,0
BRDA:17,2,0,0
BRDA:17,2,1,0
BRDA:21,3,0,0
BRDA:21,3,1,0
BRDA:22,4,0,0
BRDA:22,4,1,0
BRDA:23,5,0,0
BRDA:23,5,1,0
BRDA:24,6,0,0
BRDA:24,6,1,0
BRDA:28,7,0,0
BRDA:28,7,1,0
BRDA:33,8,0,0
BRDA:33,8,1,0
BRDA:38,9,0,0
BRDA:38,9,1,0
BRDA:43,10,0,0
BRDA:43,10,1,0
BRDA:45,11,0,0
BRDA:45,11,1,0
BRDA:53,12,0,0
BRDA:53,12,1,0
BRDA:56,13,0,0
BRDA:56,13,1,0
BRDA:59,14,0,0
BRDA:59,14,1,0
BRDA:64,15,0,0
BRDA:64,15,1,0
BRDA:70,16,0,0
BRDA:70,16,1,0
BRDA:75,17,0,0
BRDA:75,17,1,0
BRDA:75,18,0,0
BRDA:75,18,1,0
BRDA:80,19,0,0
BRDA:80,19,1,0
BRF:39
BRH:0
end_of_record
TN:
SF:utils/showMessage.ts
FN:3,(anonymous_0)
FNF:1
FNH:0
FNDA:0,(anonymous_0)
DA:3,0
DA:4,0
LF:2
LH:0
BRDA:4,0,0,0
BRDA:4,0,1,0
BRF:2
BRH:0
end_of_record
TN:
SF:utils/uploadImage.ts
FN:3,uploadImage
FNF:1
FNH:0
FNDA:0,uploadImage
DA:4,0
DA:5,0
DA:6,0
DA:7,0
LF:4
LH:0
BRF:0
BRH:0
end_of_record
